<?xml version="1.0" encoding="utf-8"?>
<CoverageSession xmlns:xsd="http://www.w3.org/2001/XMLSchema" xmlns:xsi="http://www.w3.org/2001/XMLSchema-instance" Version="4.7.1221.0">
  <Summary numSequencePoints="1536" visitedSequencePoints="40" numBranchPoints="559" visitedBranchPoints="17" sequenceCoverage="2.60" branchCoverage="3.04" maxCyclomaticComplexity="15" minCyclomaticComplexity="1" maxCrapScore="240" minCrapScore="1" visitedClasses="2" numClasses="37" visitedMethods="4" numMethods="221" />
  <Modules>
    <Module skippedDueTo="Filter" hash="30-16-E3-EC-99-4A-63-88-71-60-03-BC-61-44-AC-A5-02-B8-C3-09">
      <ModulePath>C:\Windows\Microsoft.Net\assembly\GAC_32\mscorlib\v4.0_4.0.0.0__b77a5c561934e089\mscorlib.dll</ModulePath>
      <ModuleTime>2021-06-03T18:25:32Z</ModuleTime>
      <ModuleName>mscorlib</ModuleName>
      <Classes />
    </Module>
    <Module skippedDueTo="MissingPdb" hash="DA-72-E0-2A-C8-4F-A6-A8-86-F6-BE-6C-54-7A-E9-F2-5A-E7-51-C3">
      <ModulePath>C:\Program Files (x86)\Microsoft Visual Studio\2019\Community\Common7\IDE\CommonExtensions\Microsoft\TestWindow\vstest.console.exe</ModulePath>
      <ModuleTime>2021-09-05T17:06:31.1911882Z</ModuleTime>
      <ModuleName>vstest.console</ModuleName>
      <Classes />
    </Module>
    <Module skippedDueTo="MissingPdb" hash="18-80-E9-C5-55-DE-00-B8-AE-FE-94-2C-88-EA-E2-C4-79-2B-23-DF">
      <ModulePath>C:\Program Files (x86)\Microsoft Visual Studio\2019\Community\Common7\IDE\Extensions\TestPlatform\vstest.console.exe</ModulePath>
      <ModuleTime>2021-09-05T17:06:32.9425812Z</ModuleTime>
      <ModuleName>vstest.console</ModuleName>
      <Classes />
    </Module>
    <Module skippedDueTo="MissingPdb" hash="11-62-48-B6-F9-1D-33-D1-02-A3-36-4C-58-9E-D0-A9-21-48-56-CA">
      <ModulePath>C:\Program Files (x86)\Microsoft Visual Studio\2019\Community\Common7\IDE\Extensions\TestPlatform\Microsoft.TestPlatform.CoreUtilities.dll</ModulePath>
      <ModuleTime>2021-09-05T17:06:32.6470288Z</ModuleTime>
      <ModuleName>Microsoft.TestPlatform.CoreUtilities</ModuleName>
      <Classes />
    </Module>
    <Module skippedDueTo="Filter" hash="F6-6A-78-0B-7A-C2-5D-35-8E-C7-1F-87-98-14-45-7C-F1-AC-A4-89">
      <ModulePath>C:\Windows\Microsoft.Net\assembly\GAC_MSIL\System\v4.0_4.0.0.0__b77a5c561934e089\System.dll</ModulePath>
      <ModuleTime>2021-04-08T04:26:00.6371167Z</ModuleTime>
      <ModuleName>System</ModuleName>
      <Classes />
    </Module>
    <Module skippedDueTo="MissingPdb" hash="DE-56-56-39-4A-E3-0C-7B-75-0D-9D-A8-86-1A-0F-93-AE-80-BA-25">
      <ModulePath>C:\Program Files (x86)\Microsoft Visual Studio\2019\Community\Common7\IDE\Extensions\TestPlatform\Microsoft.VisualStudio.TestPlatform.ObjectModel.dll</ModulePath>
      <ModuleTime>2021-09-05T17:06:32.7766101Z</ModuleTime>
      <ModuleName>Microsoft.VisualStudio.TestPlatform.ObjectModel</ModuleName>
      <Classes />
    </Module>
    <Module skippedDueTo="MissingPdb" hash="50-B8-C4-B7-E0-FA-46-95-3A-6E-A4-ED-AC-68-53-0A-F5-DA-2F-DE">
      <ModulePath>C:\Program Files (x86)\Microsoft Visual Studio\2019\Community\Common7\IDE\Extensions\TestPlatform\Microsoft.VisualStudio.TestPlatform.Client.dll</ModulePath>
      <ModuleTime>2021-09-05T17:06:32.7713555Z</ModuleTime>
      <ModuleName>Microsoft.VisualStudio.TestPlatform.Client</ModuleName>
      <Classes />
    </Module>
    <Module skippedDueTo="MissingPdb" hash="86-D8-72-BD-86-EE-67-08-1B-84-91-2C-93-E7-6A-74-EA-0B-A5-06">
      <ModulePath>C:\Program Files (x86)\Microsoft Visual Studio\2019\Community\Common7\IDE\Extensions\TestPlatform\Microsoft.VisualStudio.TestPlatform.Common.dll</ModulePath>
      <ModuleTime>2021-09-05T17:06:32.7736089Z</ModuleTime>
      <ModuleName>Microsoft.VisualStudio.TestPlatform.Common</ModuleName>
      <Classes />
    </Module>
    <Module skippedDueTo="Filter" hash="63-BC-E4-91-46-A6-77-6F-A9-40-64-F4-18-33-EB-2B-42-26-B5-DD">
      <ModulePath>C:\Windows\Microsoft.Net\assembly\GAC_MSIL\System.Core\v4.0_4.0.0.0__b77a5c561934e089\System.Core.dll</ModulePath>
      <ModuleTime>2021-05-12T23:08:09.0907369Z</ModuleTime>
      <ModuleName>System.Core</ModuleName>
      <Classes />
    </Module>
    <Module skippedDueTo="MissingPdb" hash="9F-B4-90-32-5C-01-2F-96-AB-6E-1F-84-11-8B-75-1E-13-B0-EB-43">
      <ModulePath>C:\Program Files (x86)\Microsoft Visual Studio\2019\Community\Common7\IDE\Extensions\TestPlatform\Microsoft.TestPlatform.PlatformAbstractions.dll</ModulePath>
      <ModuleTime>2021-09-05T17:06:32.6510305Z</ModuleTime>
      <ModuleName>Microsoft.TestPlatform.PlatformAbstractions</ModuleName>
      <Classes />
    </Module>
    <Module skippedDueTo="Filter" hash="DA-72-DA-8C-56-D2-30-3A-A5-9C-B3-A9-A9-6F-D8-2F-60-43-B5-A9">
      <ModulePath>C:\Windows\Microsoft.Net\assembly\GAC_MSIL\System.Xml\v4.0_4.0.0.0__b77a5c561934e089\System.Xml.dll</ModulePath>
      <ModuleTime>2019-12-07T09:10:37.7737543Z</ModuleTime>
      <ModuleName>System.Xml</ModuleName>
      <Classes />
    </Module>
    <Module skippedDueTo="MissingPdb" hash="5F-2F-0B-D1-55-8D-98-37-31-BF-90-27-06-44-76-B6-87-5B-AD-EC">
      <ModulePath>C:\Program Files (x86)\Microsoft Visual Studio\2019\Community\Common7\IDE\Extensions\TestPlatform\Microsoft.TestPlatform.Utilities.dll</ModulePath>
      <ModuleTime>2021-09-05T17:06:32.6520308Z</ModuleTime>
      <ModuleName>Microsoft.TestPlatform.Utilities</ModuleName>
      <Classes />
    </Module>
    <Module skippedDueTo="MissingPdb" hash="80-91-72-00-BE-FA-61-CA-EB-48-F5-FE-C2-FA-FE-90-6B-0E-F5-E8">
      <ModulePath>C:\Program Files (x86)\Microsoft Visual Studio\2019\Community\Common7\IDE\Extensions\TestPlatform\NuGet.Frameworks.dll</ModulePath>
      <ModuleTime>2021-09-05T17:06:32.8350577Z</ModuleTime>
      <ModuleName>NuGet.Frameworks</ModuleName>
      <Classes />
    </Module>
    <Module skippedDueTo="Filter" hash="C8-2E-64-82-9F-3E-E5-68-28-EC-A3-5B-05-18-0A-CC-70-C1-0D-04">
      <ModulePath>C:\Windows\Microsoft.Net\assembly\GAC_MSIL\System.Configuration\v4.0_4.0.0.0__b03f5f7f11d50a3a\System.Configuration.dll</ModulePath>
      <ModuleTime>2021-04-09T13:37:47.1051227Z</ModuleTime>
      <ModuleName>System.Configuration</ModuleName>
      <Classes />
    </Module>
    <Module skippedDueTo="MissingPdb" hash="21-A3-50-7A-BB-F9-3B-97-D0-86-7E-29-16-61-36-5D-B1-E9-BA-8A">
      <ModulePath>C:\Program Files (x86)\Microsoft Visual Studio\2019\Community\Common7\IDE\Extensions\TestPlatform\Microsoft.Extensions.FileSystemGlobbing.dll</ModulePath>
      <ModuleTime>2021-09-05T17:06:32.6118807Z</ModuleTime>
      <ModuleName>Microsoft.Extensions.FileSystemGlobbing</ModuleName>
      <Classes />
    </Module>
    <Module skippedDueTo="MissingPdb" hash="55-31-4E-3B-3F-C8-3C-86-14-55-A7-33-41-A6-92-86-87-1A-EC-6E">
      <ModulePath>C:\Program Files (x86)\Microsoft Visual Studio\2019\Community\Common7\IDE\Extensions\TestPlatform\Microsoft.TestPlatform.CrossPlatEngine.dll</ModulePath>
      <ModuleTime>2021-09-05T17:06:32.65003Z</ModuleTime>
      <ModuleName>Microsoft.TestPlatform.CrossPlatEngine</ModuleName>
      <Classes />
    </Module>
    <Module skippedDueTo="MissingPdb" hash="45-D1-20-00-06-14-3A-F0-F5-26-B3-92-63-B8-63-67-ED-04-05-89">
      <ModulePath>C:\Program Files (x86)\Microsoft Visual Studio\2019\Community\Common7\IDE\Extensions\TestPlatform\Extensions\Microsoft.TestPlatform.Extensions.BlameDataCollector.dll</ModulePath>
      <ModuleTime>2021-09-05T17:06:32.2983723Z</ModuleTime>
      <ModuleName>Microsoft.TestPlatform.Extensions.BlameDataCollector</ModuleName>
      <Classes />
    </Module>
    <Module skippedDueTo="MissingPdb" hash="2F-89-F7-AB-58-9F-65-2C-FD-43-FD-61-35-D6-3F-12-7E-10-BC-D6">
      <ModulePath>C:\Program Files (x86)\Microsoft Visual Studio\2019\Community\Common7\IDE\Extensions\TestPlatform\Extensions\Microsoft.TestPlatform.Extensions.EventLogCollector.dll</ModulePath>
      <ModuleTime>2021-09-05T17:06:32.298943Z</ModuleTime>
      <ModuleName>Microsoft.TestPlatform.Extensions.EventLogCollector</ModuleName>
      <Classes />
    </Module>
    <Module skippedDueTo="MissingPdb" hash="3E-8F-44-88-2C-05-17-5F-57-8D-60-93-F8-CC-52-8B-C0-2F-F5-47">
      <ModulePath>C:\Program Files (x86)\Microsoft Visual Studio\2019\Community\Common7\IDE\Extensions\TestPlatform\Extensions\Microsoft.TestPlatform.TestHostRuntimeProvider.dll</ModulePath>
      <ModuleTime>2021-09-05T17:06:32.3009442Z</ModuleTime>
      <ModuleName>Microsoft.TestPlatform.TestHostRuntimeProvider</ModuleName>
      <Classes />
    </Module>
    <Module skippedDueTo="MissingPdb" hash="B4-A1-A9-12-55-CC-DA-02-99-EA-2D-3B-49-CA-38-9F-C4-20-F1-0D">
      <ModulePath>C:\Program Files (x86)\Microsoft Visual Studio\2019\Community\Common7\IDE\Extensions\TestPlatform\Microsoft.VisualStudio.ArchitectureTools.PEReader.dll</ModulePath>
      <ModuleTime>2021-09-05T17:06:32.6672456Z</ModuleTime>
      <ModuleName>Microsoft.VisualStudio.ArchitectureTools.PEReader</ModuleName>
      <Classes />
    </Module>
    <Module skippedDueTo="MissingPdb" hash="58-5E-67-06-AF-A2-3A-8A-ED-2E-A3-70-15-61-52-43-1B-DF-2D-2A">
      <ModulePath>C:\Program Files (x86)\Microsoft Visual Studio\2019\Community\Common7\IDE\Extensions\TestPlatform\Extensions\Microsoft.VisualStudio.Coverage.Core.dll</ModulePath>
      <ModuleTime>2021-09-05T17:06:32.314558Z</ModuleTime>
      <ModuleName>Microsoft.VisualStudio.Coverage.Core</ModuleName>
      <Classes />
    </Module>
    <Module skippedDueTo="MissingPdb" hash="71-9B-E1-F7-A6-9B-DF-45-0F-84-65-68-DE-9E-87-26-B2-3F-51-B1">
      <ModulePath>C:\Windows\Microsoft.Net\assembly\GAC_MSIL\netstandard\v4.0_2.0.0.0__cc7b13ffcd2ddd51\netstandard.dll</ModulePath>
      <ModuleTime>2019-12-07T09:10:37.6330785Z</ModuleTime>
      <ModuleName>netstandard</ModuleName>
      <Classes />
    </Module>
    <Module skippedDueTo="Filter" hash="CB-B7-79-D9-D0-BA-D8-BA-DC-70-6A-78-02-70-E8-93-9F-91-99-5E">
      <ModulePath>C:\Windows\Microsoft.Net\assembly\GAC_MSIL\System.ValueTuple\v4.0_4.0.0.0__cc7b13ffcd2ddd51\System.ValueTuple.dll</ModulePath>
      <ModuleTime>2019-12-07T09:10:37.742541Z</ModuleTime>
      <ModuleName>System.ValueTuple</ModuleName>
      <Classes />
    </Module>
    <Module skippedDueTo="MissingPdb" hash="19-C5-D3-45-1F-5D-14-CD-D8-14-20-5F-DB-04-3C-DC-0A-4F-2D-32">
      <ModulePath>C:\Program Files (x86)\Microsoft Visual Studio\2019\Community\Common7\IDE\Extensions\TestPlatform\Extensions\Microsoft.VisualStudio.Coverage.Instrumentation.dll</ModulePath>
      <ModuleTime>2021-09-05T17:06:32.3161006Z</ModuleTime>
      <ModuleName>Microsoft.VisualStudio.Coverage.Instrumentation</ModuleName>
      <Classes />
    </Module>
    <Module skippedDueTo="Filter" hash="F1-D3-C4-19-F0-A3-97-CA-EE-78-EA-BA-5F-97-56-C8-6D-7F-01-45">
      <ModulePath>C:\Program Files (x86)\Microsoft Visual Studio\2019\Community\Common7\IDE\Extensions\TestPlatform\System.Reflection.Metadata.dll</ModulePath>
      <ModuleTime>2021-09-05T17:06:32.8925484Z</ModuleTime>
      <ModuleName>System.Reflection.Metadata</ModuleName>
      <Classes />
    </Module>
    <Module skippedDueTo="Filter" hash="FB-BF-29-CE-7B-65-70-2C-55-E7-9A-03-D5-24-9F-04-A1-39-0C-A6">
      <ModulePath>C:\Program Files (x86)\Microsoft Visual Studio\2019\Community\Common7\IDE\Extensions\TestPlatform\System.Collections.Immutable.dll</ModulePath>
      <ModuleTime>2021-09-05T17:06:32.8843789Z</ModuleTime>
      <ModuleName>System.Collections.Immutable</ModuleName>
      <Classes />
    </Module>
    <Module skippedDueTo="Filter" hash="69-5D-5D-9B-F7-23-8F-39-AB-08-BC-FE-2D-BB-F7-A6-09-5F-62-AF">
      <ModulePath>C:\Windows\Microsoft.Net\assembly\GAC_MSIL\System.Runtime\v4.0_4.0.0.0__b03f5f7f11d50a3a\System.Runtime.dll</ModulePath>
      <ModuleTime>2019-12-07T09:10:34.4923358Z</ModuleTime>
      <ModuleName>System.Runtime</ModuleName>
      <Classes />
    </Module>
    <Module skippedDueTo="Filter" hash="1A-C0-32-0E-C5-53-1C-78-D4-5F-19-7F-02-40-91-22-61-53-E5-46">
      <ModulePath>C:\Windows\Microsoft.Net\assembly\GAC_MSIL\System.Runtime.InteropServices\v4.0_4.0.0.0__b03f5f7f11d50a3a\System.Runtime.InteropServices.dll</ModulePath>
      <ModuleTime>2019-12-07T09:10:35.9300981Z</ModuleTime>
      <ModuleName>System.Runtime.InteropServices</ModuleName>
      <Classes />
    </Module>
    <Module skippedDueTo="MissingPdb" hash="42-28-9D-88-67-6D-22-8F-58-F6-B9-5F-95-22-DC-5B-EB-7B-C3-A1">
      <ModulePath>C:\Program Files (x86)\Microsoft Visual Studio\2019\Community\Common7\IDE\Extensions\TestPlatform\Extensions\Microsoft.VisualStudio.Coverage.Interprocess.dll</ModulePath>
      <ModuleTime>2021-09-05T17:06:32.3174905Z</ModuleTime>
      <ModuleName>Microsoft.VisualStudio.Coverage.Interprocess</ModuleName>
      <Classes />
    </Module>
    <Module skippedDueTo="Filter" hash="B7-88-55-91-79-CC-62-E3-1E-DF-7A-2C-74-35-F8-CD-B4-30-E7-EC">
      <ModulePath>C:\Windows\Microsoft.Net\assembly\GAC_MSIL\System.Runtime.InteropServices.RuntimeInformation\v4.0_4.0.0.0__b03f5f7f11d50a3a\System.Runtime.InteropServices.RuntimeInformation.dll</ModulePath>
      <ModuleTime>2019-12-07T09:10:36.0558875Z</ModuleTime>
      <ModuleName>System.Runtime.InteropServices.RuntimeInformation</ModuleName>
      <Classes />
    </Module>
    <Module skippedDueTo="MissingPdb" hash="95-3A-4F-C2-2D-BC-1C-F2-28-01-18-E5-8D-6F-17-9F-82-98-92-DD">
      <ModulePath>C:\Program Files (x86)\Microsoft Visual Studio\2019\Community\Common7\IDE\Extensions\TestPlatform\Extensions\Microsoft.VisualStudio.TestPlatform.Extensions.CodedWebTestAdapter.dll</ModulePath>
      <ModuleTime>2021-09-05T17:06:32.3187349Z</ModuleTime>
      <ModuleName>Microsoft.VisualStudio.TestPlatform.Extensions.CodedWebTestAdapter</ModuleName>
      <Classes />
    </Module>
    <Module skippedDueTo="MissingPdb" hash="FC-D4-34-09-64-45-B9-DD-E8-8C-0C-7E-8A-D0-5D-0B-1F-9A-0D-3D">
      <ModulePath>C:\Program Files (x86)\Microsoft Visual Studio\2019\Community\Common7\IDE\Extensions\TestPlatform\Extensions\Microsoft.VisualStudio.TestPlatform.Extensions.TmiAdapter.dll</ModulePath>
      <ModuleTime>2021-09-05T17:06:32.32348Z</ModuleTime>
      <ModuleName>Microsoft.VisualStudio.TestPlatform.Extensions.TmiAdapter</ModuleName>
      <Classes />
    </Module>
    <Module skippedDueTo="MissingPdb" hash="6C-B7-02-E2-B3-0F-FC-63-1C-75-40-9E-7B-FB-A9-08-87-3E-10-40">
      <ModulePath>C:\Program Files (x86)\Microsoft Visual Studio\2019\Community\Common7\IDE\Extensions\TestPlatform\Microsoft.VisualStudio.QualityTools.Common.dll</ModulePath>
      <ModuleTime>2021-09-05T17:06:32.6951902Z</ModuleTime>
      <ModuleName>Microsoft.VisualStudio.QualityTools.Common</ModuleName>
      <Classes />
    </Module>
    <Module skippedDueTo="MissingPdb" hash="E0-9E-DE-36-12-73-35-10-F9-15-D2-B8-59-86-CA-EE-ED-CB-3F-E8">
      <ModulePath>C:\Program Files (x86)\Microsoft Visual Studio\2019\Community\Common7\IDE\Extensions\TestPlatform\Extensions\Microsoft.VisualStudio.TestPlatform.Extensions.GenericTestAdapter.dll</ModulePath>
      <ModuleTime>2021-09-05T17:06:32.319736Z</ModuleTime>
      <ModuleName>Microsoft.VisualStudio.TestPlatform.Extensions.GenericTestAdapter</ModuleName>
      <Classes />
    </Module>
    <Module skippedDueTo="MissingPdb" hash="3F-11-81-77-E6-E0-0E-0A-74-45-B1-02-E7-92-C1-97-18-62-2E-81">
      <ModulePath>C:\Program Files (x86)\Microsoft Visual Studio\2019\Community\Common7\IDE\Extensions\TestPlatform\Extensions\Microsoft.VisualStudio.TestPlatform.Extensions.Html.TestLogger.dll</ModulePath>
      <ModuleTime>2021-09-05T17:06:32.3208205Z</ModuleTime>
      <ModuleName>Microsoft.VisualStudio.TestPlatform.Extensions.Html.TestLogger</ModuleName>
      <Classes />
    </Module>
    <Module skippedDueTo="MissingPdb" hash="96-25-66-D0-80-56-E1-2F-6F-72-C5-A6-FA-E5-AD-2E-FD-1F-A0-A9">
      <ModulePath>C:\Program Files (x86)\Microsoft Visual Studio\2019\Community\Common7\IDE\Extensions\TestPlatform\Extensions\Microsoft.VisualStudio.TestPlatform.Extensions.OrderedTestAdapter.dll</ModulePath>
      <ModuleTime>2021-09-05T17:06:32.3218224Z</ModuleTime>
      <ModuleName>Microsoft.VisualStudio.TestPlatform.Extensions.OrderedTestAdapter</ModuleName>
      <Classes />
    </Module>
    <Module skippedDueTo="MissingPdb" hash="F2-22-CA-4C-E2-CB-2C-E9-81-6D-74-A9-E0-94-DF-4B-48-F6-91-7F">
      <ModulePath>C:\Program Files (x86)\Microsoft Visual Studio\2019\Community\Common7\IDE\Extensions\TestPlatform\Extensions\Microsoft.VisualStudio.TestPlatform.Extensions.Trx.TestLogger.dll</ModulePath>
      <ModuleTime>2021-09-05T17:06:32.3261462Z</ModuleTime>
      <ModuleName>Microsoft.VisualStudio.TestPlatform.Extensions.Trx.TestLogger</ModuleName>
      <Classes />
    </Module>
    <Module skippedDueTo="MissingPdb" hash="65-86-DA-E2-5F-D1-4D-E4-58-BB-18-CD-E4-1E-9E-50-13-F0-3F-DE">
      <ModulePath>C:\Program Files (x86)\Microsoft Visual Studio\2019\Community\Common7\IDE\Extensions\TestPlatform\Extensions\Microsoft.VisualStudio.TestPlatform.Extensions.VSTestIntegration.dll</ModulePath>
      <ModuleTime>2021-09-05T17:06:32.3293041Z</ModuleTime>
      <ModuleName>Microsoft.VisualStudio.TestPlatform.Extensions.VSTestIntegration</ModuleName>
      <Classes />
    </Module>
    <Module skippedDueTo="MissingPdb" hash="0F-5D-14-F9-EC-6B-1B-D6-80-00-8F-4E-F5-E0-9B-A6-BA-98-89-3B">
      <ModulePath>C:\Program Files (x86)\Microsoft Visual Studio\2019\Community\Common7\IDE\Extensions\TestPlatform\Microsoft.VisualStudio.QualityTools.UnitTestFramework.dll</ModulePath>
      <ModuleTime>2021-09-05T17:06:32.7613536Z</ModuleTime>
      <ModuleName>Microsoft.VisualStudio.QualityTools.UnitTestFramework</ModuleName>
      <Classes />
    </Module>
    <Module skippedDueTo="Filter" hash="72-A3-7E-C1-C3-DF-5F-24-DB-60-00-05-87-2A-9E-28-53-99-BA-4B">
      <ModulePath>C:\Windows\Microsoft.Net\assembly\GAC_32\System.Data\v4.0_4.0.0.0__b77a5c561934e089\System.Data.dll</ModulePath>
      <ModuleTime>2021-04-09T13:37:47.0113729Z</ModuleTime>
      <ModuleName>System.Data</ModuleName>
      <Classes />
    </Module>
    <Module skippedDueTo="MissingPdb" hash="B0-B8-2D-A9-66-5B-CB-E7-A2-3E-8C-67-4A-0E-45-B8-61-A8-7E-94">
      <ModulePath>C:\Program Files (x86)\Microsoft Visual Studio\2019\Community\Common7\IDE\Extensions\TestPlatform\Extensions\Microsoft.VisualStudio.TestPlatform.Extensions.WebTestAdapter.dll</ModulePath>
      <ModuleTime>2021-09-05T17:06:32.3303048Z</ModuleTime>
      <ModuleName>Microsoft.VisualStudio.TestPlatform.Extensions.WebTestAdapter</ModuleName>
      <Classes />
    </Module>
    <Module skippedDueTo="MissingPdb" hash="7E-1F-B9-53-13-40-45-A9-76-37-94-18-7C-70-43-C8-A6-07-B0-D6">
      <ModulePath>C:\Program Files (x86)\Microsoft Visual Studio\2019\Community\Common7\IDE\Extensions\TestPlatform\Extensions\Microsoft.VisualStudio.TestTools.CppUnitTestFramework.ComInterfaces.dll</ModulePath>
      <ModuleTime>2021-09-05T17:06:32.331119Z</ModuleTime>
      <ModuleName>Microsoft.VisualStudio.TestTools.CppUnitTestFramework.ComInterfaces</ModuleName>
      <Classes />
    </Module>
    <Module skippedDueTo="MissingPdb" hash="7A-70-F1-BB-4F-61-D4-45-83-75-D2-C0-17-C5-4E-8F-09-6F-6F-FD">
      <ModulePath>C:\Program Files (x86)\Microsoft Visual Studio\2019\Community\Common7\IDE\Extensions\TestPlatform\Extensions\Microsoft.VisualStudio.TestTools.CppUnitTestFramework.CppUnitTestExtension.dll</ModulePath>
      <ModuleTime>2021-09-05T17:06:32.3327323Z</ModuleTime>
      <ModuleName>Microsoft.VisualStudio.TestTools.CppUnitTestFramework.CppUnitTestExtension</ModuleName>
      <Classes />
    </Module>
    <Module skippedDueTo="MissingPdb" hash="DC-0D-E5-CA-3A-2B-86-22-6B-51-D8-76-4D-6E-27-FE-18-75-ED-D9">
      <ModulePath>C:\Program Files (x86)\Microsoft Visual Studio\2019\Community\Common7\IDE\Extensions\TestPlatform\Extensions\Microsoft.VisualStudio.TestTools.DataCollection.MediaRecorder.Model.dll</ModulePath>
      <ModuleTime>2021-09-05T17:06:32.3337589Z</ModuleTime>
      <ModuleName>Microsoft.VisualStudio.TestTools.DataCollection.MediaRecorder.Model</ModuleName>
      <Classes />
    </Module>
    <Module skippedDueTo="MissingPdb" hash="8C-E2-7D-7D-E6-AC-DE-11-AC-1A-2B-66-28-2F-45-23-BA-23-9A-A7">
      <ModulePath>C:\Program Files (x86)\Microsoft Visual Studio\2019\Community\Common7\IDE\Extensions\TestPlatform\Extensions\Microsoft.VisualStudio.TestTools.DataCollection.VideoRecorderCollector.dll</ModulePath>
      <ModuleTime>2021-09-05T17:06:32.33576Z</ModuleTime>
      <ModuleName>Microsoft.VisualStudio.TestTools.DataCollection.VideoRecorderCollector</ModuleName>
      <Classes />
    </Module>
    <Module skippedDueTo="MissingPdb" hash="CF-17-62-99-CA-3C-7D-A0-6B-8E-FB-ED-A2-9F-BA-28-3D-D8-E2-36">
      <ModulePath>C:\Program Files (x86)\Microsoft Visual Studio\2019\Community\Common7\IDE\Extensions\TestPlatform\Extensions\Microsoft.VisualStudio.TraceDataCollector.dll</ModulePath>
      <ModuleTime>2021-09-05T17:06:32.3387607Z</ModuleTime>
      <ModuleName>Microsoft.VisualStudio.TraceDataCollector</ModuleName>
      <Classes />
    </Module>
    <Module skippedDueTo="MissingPdb" hash="26-89-28-38-AF-9F-62-6D-82-5D-09-7E-28-90-EE-CE-C8-A4-26-19">
      <ModulePath>C:\Program Files (x86)\Microsoft Visual Studio\2019\Community\Common7\IDE\Extensions\TestPlatform\Microsoft.IntelliTrace.Core.dll</ModulePath>
      <ModuleTime>2021-09-05T17:06:32.6411227Z</ModuleTime>
      <ModuleName>Microsoft.IntelliTrace.Core</ModuleName>
      <Classes />
    </Module>
    <Module skippedDueTo="MissingPdb" hash="67-D6-02-25-87-CC-5A-73-6A-F9-3A-1D-24-2F-87-D8-BD-4F-EF-CD">
      <ModulePath>C:\Program Files (x86)\Microsoft Visual Studio\2019\Community\Common7\IDE\Extensions\TestPlatform\Extensions\Mono.Cecil.dll</ModulePath>
      <ModuleTime>2021-09-05T17:06:32.344762Z</ModuleTime>
      <ModuleName>Mono.Cecil</ModuleName>
      <Classes />
    </Module>
    <Module skippedDueTo="MissingPdb" hash="D3-EB-4D-8B-49-20-8A-0F-E8-0A-A3-44-71-D2-54-B6-17-DF-93-6B">
      <ModulePath>C:\Program Files (x86)\Microsoft Visual Studio\2019\Community\Common7\IDE\Extensions\TestPlatform\Extensions\Mono.Cecil.Pdb.dll</ModulePath>
      <ModuleTime>2021-09-05T17:06:32.3467623Z</ModuleTime>
      <ModuleName>Mono.Cecil.Pdb</ModuleName>
      <Classes />
    </Module>
    <Module skippedDueTo="Filter" hash="8E-25-51-80-B6-FC-23-97-DE-18-0B-AA-0D-F2-A4-AD-97-C1-6A-8D">
      <ModulePath>C:\Windows\Microsoft.Net\assembly\GAC_MSIL\System.IO\v4.0_4.0.0.0__b03f5f7f11d50a3a\System.IO.dll</ModulePath>
      <ModuleTime>2019-12-07T09:10:34.5552678Z</ModuleTime>
      <ModuleName>System.IO</ModuleName>
      <Classes />
    </Module>
    <Module skippedDueTo="Filter" hash="A9-B8-38-52-F8-47-F1-F7-B1-42-BD-5D-0D-13-50-FA-8A-F5-08-DC">
      <ModulePath>C:\Windows\Microsoft.Net\assembly\GAC_MSIL\System.Reflection\v4.0_4.0.0.0__b03f5f7f11d50a3a\System.Reflection.dll</ModulePath>
      <ModuleTime>2019-12-07T09:10:36.0237545Z</ModuleTime>
      <ModuleName>System.Reflection</ModuleName>
      <Classes />
    </Module>
    <Module skippedDueTo="Filter" hash="29-E2-55-07-C8-69-DD-86-D5-1E-15-EB-9A-30-ED-35-C2-B9-03-56">
      <ModulePath>C:\Windows\Microsoft.Net\assembly\GAC_MSIL\System.IO.FileSystem\v4.0_4.0.0.0__b03f5f7f11d50a3a\System.IO.FileSystem.dll</ModulePath>
      <ModuleTime>2019-12-07T09:10:36.0095245Z</ModuleTime>
      <ModuleName>System.IO.FileSystem</ModuleName>
      <Classes />
    </Module>
    <Module skippedDueTo="Filter" hash="A5-4A-8D-3E-92-F3-E6-8A-37-31-3B-55-FF-F9-42-71-EA-75-C1-69">
      <ModulePath>C:\Windows\Microsoft.Net\assembly\GAC_MSIL\System.IO.MemoryMappedFiles\v4.0_4.0.0.0__b03f5f7f11d50a3a\System.IO.MemoryMappedFiles.dll</ModulePath>
      <ModuleTime>2019-12-07T09:10:34.5552678Z</ModuleTime>
      <ModuleName>System.IO.MemoryMappedFiles</ModuleName>
      <Classes />
    </Module>
    <Module skippedDueTo="Filter" hash="43-A6-0D-38-57-A9-43-74-96-CC-94-35-A8-4D-BE-B5-A6-1E-21-29">
      <ModulePath>C:\Windows\Microsoft.Net\assembly\GAC_MSIL\System.Runtime.Handles\v4.0_4.0.0.0__b03f5f7f11d50a3a\System.Runtime.Handles.dll</ModulePath>
      <ModuleTime>2019-12-07T09:10:37.6643716Z</ModuleTime>
      <ModuleName>System.Runtime.Handles</ModuleName>
      <Classes />
    </Module>
    <Module skippedDueTo="Filter" hash="0D-4A-54-7F-D3-8D-3F-CB-0E-41-6D-19-BA-DE-3E-8E-24-AC-CF-F5">
      <ModulePath>C:\Windows\Microsoft.Net\assembly\GAC_MSIL\System.Reflection.Extensions\v4.0_4.0.0.0__b03f5f7f11d50a3a\System.Reflection.Extensions.dll</ModulePath>
      <ModuleTime>2019-12-07T09:10:37.7113237Z</ModuleTime>
      <ModuleName>System.Reflection.Extensions</ModuleName>
      <Classes />
    </Module>
    <Module skippedDueTo="Filter" hash="C6-18-EC-70-A3-C4-0D-6D-5D-3C-70-6D-21-0F-07-83-E2-12-E9-30">
      <ModulePath>C:\Windows\Microsoft.Net\assembly\GAC_MSIL\System.Threading\v4.0_4.0.0.0__b03f5f7f11d50a3a\System.Threading.dll</ModulePath>
      <ModuleTime>2019-12-07T09:10:34.5860246Z</ModuleTime>
      <ModuleName>System.Threading</ModuleName>
      <Classes />
    </Module>
    <Module skippedDueTo="Filter" hash="3B-54-9E-DF-F9-FC-C4-94-AC-51-5D-4C-31-68-2A-24-99-9B-3C-FA">
      <ModulePath>C:\Windows\Microsoft.Net\assembly\GAC_MSIL\System.Text.Encoding\v4.0_4.0.0.0__b03f5f7f11d50a3a\System.Text.Encoding.dll</ModulePath>
      <ModuleTime>2019-12-07T09:10:36.0705812Z</ModuleTime>
      <ModuleName>System.Text.Encoding</ModuleName>
      <Classes />
    </Module>
    <Module skippedDueTo="Filter" hash="E6-96-E0-ED-94-95-52-F4-BC-21-B7-D5-9B-3E-92-E7-68-62-3B-E3">
      <ModulePath>C:\Windows\Microsoft.Net\assembly\GAC_MSIL\System.Runtime.Extensions\v4.0_4.0.0.0__b03f5f7f11d50a3a\System.Runtime.Extensions.dll</ModulePath>
      <ModuleTime>2019-12-07T09:10:37.6174386Z</ModuleTime>
      <ModuleName>System.Runtime.Extensions</ModuleName>
      <Classes />
    </Module>
    <Module skippedDueTo="Filter" hash="A9-B5-99-95-3D-BC-63-C8-0C-36-BC-93-7E-F1-FA-63-10-36-B9-50">
      <ModulePath>C:\Windows\Microsoft.Net\assembly\GAC_MSIL\System.Text.Encoding.Extensions\v4.0_4.0.0.0__b03f5f7f11d50a3a\System.Text.Encoding.Extensions.dll</ModulePath>
      <ModuleTime>2019-12-07T09:10:36.1495949Z</ModuleTime>
      <ModuleName>System.Text.Encoding.Extensions</ModuleName>
      <Classes />
    </Module>
    <Module skippedDueTo="MissingPdb" hash="3E-92-F8-A7-58-5B-33-A0-2E-BC-1D-61-FF-FE-64-A6-E2-6C-E6-99">
      <ModulePath>C:\Program Files (x86)\Microsoft Visual Studio\2019\Community\Common7\IDE\Extensions\TestPlatform\Microsoft.TestPlatform.CommunicationUtilities.dll</ModulePath>
      <ModuleTime>2021-09-05T17:06:32.6451243Z</ModuleTime>
      <ModuleName>Microsoft.TestPlatform.CommunicationUtilities</ModuleName>
      <Classes />
    </Module>
    <Module skippedDueTo="MissingPdb" hash="3B-A5-4A-97-2E-B6-0F-43-DF-E7-27-28-AA-D4-EA-E6-D2-79-70-BC">
      <ModulePath>C:\Program Files (x86)\Microsoft Visual Studio\2019\Community\Common7\IDE\Extensions\TestPlatform\Newtonsoft.Json.dll</ModulePath>
      <ModuleTime>2021-09-05T17:06:32.8330567Z</ModuleTime>
      <ModuleName>Newtonsoft.Json</ModuleName>
      <Classes />
    </Module>
    <Module skippedDueTo="MissingPdb" hash="E4-D2-3C-11-FE-63-25-B1-1B-09-DE-F7-6F-A5-06-10-5F-B1-E0-10">
      <ModulePath>E:\dev\C#\Primes\UnitTestsPrimes\bin\Debug\Microsoft.VisualStudio.TestPlatform.MSTest.TestAdapter.dll</ModulePath>
      <ModuleTime>2020-06-08T09:52:58Z</ModuleTime>
      <ModuleName>Microsoft.VisualStudio.TestPlatform.MSTest.TestAdapter</ModuleName>
      <Classes />
    </Module>
    <Module skippedDueTo="Filter" hash="E5-8D-1F-05-AE-70-45-C9-00-CC-9E-09-FE-36-32-39-F9-68-12-31">
      <ModulePath>C:\Windows\Microsoft.Net\assembly\GAC_MSIL\System.Resources.ResourceManager\v4.0_4.0.0.0__b03f5f7f11d50a3a\System.Resources.ResourceManager.dll</ModulePath>
      <ModuleTime>2019-12-07T09:10:37.6960843Z</ModuleTime>
      <ModuleName>System.Resources.ResourceManager</ModuleName>
      <Classes />
    </Module>
    <Module skippedDueTo="MissingPdb" hash="0C-28-09-D1-D0-60-08-83-54-0C-FF-3A-03-3E-89-C4-B1-B8-9F-08">
      <ModulePath>E:\dev\C#\Primes\UnitTestsPrimes\bin\Debug\Microsoft.VisualStudio.TestPlatform.TestFramework.dll</ModulePath>
      <ModuleTime>2020-06-08T09:46:50Z</ModuleTime>
      <ModuleName>Microsoft.VisualStudio.TestPlatform.TestFramework</ModuleName>
      <Classes />
    </Module>
    <Module skippedDueTo="MissingPdb" hash="E3-EB-03-22-B9-3B-F9-4D-B1-74-2E-53-D6-B0-1B-AC-C6-07-4B-62">
      <ModulePath>E:\dev\C#\Primes\UnitTestsPrimes\bin\Debug\Microsoft.VisualStudio.TestPlatform.MSTestAdapter.PlatformServices.Interface.dll</ModulePath>
      <ModuleTime>2020-06-08T09:50:54Z</ModuleTime>
      <ModuleName>Microsoft.VisualStudio.TestPlatform.MSTestAdapter.PlatformServices.Interface</ModuleName>
      <Classes />
    </Module>
    <Module skippedDueTo="MissingPdb" hash="0B-5B-D3-E4-D9-18-57-28-D8-3D-98-EC-26-59-5E-61-28-11-C6-AA">
      <ModulePath>E:\dev\C#\Primes\UnitTestsPrimes\bin\Debug\Microsoft.VisualStudio.TestPlatform.MSTestAdapter.PlatformServices.dll</ModulePath>
      <ModuleTime>2020-06-08T09:56:52Z</ModuleTime>
      <ModuleName>Microsoft.VisualStudio.TestPlatform.MSTestAdapter.PlatformServices</ModuleName>
      <Classes />
    </Module>
    <Module skippedDueTo="Filter" hash="E8-84-4F-99-05-38-97-7F-46-24-7C-99-80-33-DB-64-C3-DD-71-40">
      <ModulePath>C:\Windows\Microsoft.Net\assembly\GAC_MSIL\System.ComponentModel.Composition\v4.0_4.0.0.0__b77a5c561934e089\System.ComponentModel.Composition.dll</ModulePath>
      <ModuleTime>2019-12-07T09:10:36.1023351Z</ModuleTime>
      <ModuleName>System.ComponentModel.Composition</ModuleName>
      <Classes />
    </Module>
    <Module skippedDueTo="Filter" hash="72-01-26-F0-DD-DC-BB-57-6E-36-5A-54-E1-F4-B8-CA-68-01-1D-73">
      <ModulePath>C:\Windows\Microsoft.Net\assembly\GAC_MSIL\System.Collections\v4.0_4.0.0.0__b03f5f7f11d50a3a\System.Collections.dll</ModulePath>
      <ModuleTime>2019-12-07T09:10:34.5705678Z</ModuleTime>
      <ModuleName>System.Collections</ModuleName>
      <Classes />
    </Module>
    <Module skippedDueTo="Filter" hash="82-88-81-ED-E2-5C-2F-15-13-6B-EA-3F-F7-28-86-26-2A-4C-DB-9A">
      <ModulePath>C:\Windows\Microsoft.Net\assembly\GAC_MSIL\System.Linq\v4.0_4.0.0.0__b03f5f7f11d50a3a\System.Linq.dll</ModulePath>
      <ModuleTime>2019-12-07T09:10:36.086204Z</ModuleTime>
      <ModuleName>System.Linq</ModuleName>
      <Classes />
    </Module>
    <Module skippedDueTo="Filter" hash="7F-61-D7-7E-E7-37-DB-16-E6-6F-FC-60-91-16-F9-EC-42-AD-57-19">
      <ModulePath>C:\Windows\Microsoft.Net\assembly\GAC_MSIL\System.Xml.ReaderWriter\v4.0_4.0.0.0__b03f5f7f11d50a3a\System.Xml.ReaderWriter.dll</ModulePath>
      <ModuleTime>2019-12-07T09:10:34.5705678Z</ModuleTime>
      <ModuleName>System.Xml.ReaderWriter</ModuleName>
      <Classes />
    </Module>
    <Module skippedDueTo="Filter" hash="37-1B-07-51-04-89-DE-F9-20-FD-49-FA-FC-E2-99-DC-BE-B0-62-DF">
      <ModulePath>C:\Windows\Microsoft.Net\assembly\GAC_MSIL\System.Xml.XDocument\v4.0_4.0.0.0__b03f5f7f11d50a3a\System.Xml.XDocument.dll</ModulePath>
      <ModuleTime>2019-12-07T09:10:34.5552678Z</ModuleTime>
      <ModuleName>System.Xml.XDocument</ModuleName>
      <Classes />
    </Module>
    <Module skippedDueTo="Filter" hash="76-4F-F2-57-05-34-3B-14-F0-74-D8-74-52-87-6D-06-AD-25-14-77">
      <ModulePath>C:\Windows\Microsoft.Net\assembly\GAC_MSIL\System.Xml.Linq\v4.0_4.0.0.0__b77a5c561934e089\System.Xml.Linq.dll</ModulePath>
      <ModuleTime>2019-12-07T09:10:35.962301Z</ModuleTime>
      <ModuleName>System.Xml.Linq</ModuleName>
      <Classes />
    </Module>
    <Module skippedDueTo="Filter" hash="37-71-06-A8-73-54-26-30-7D-E3-30-37-6A-1A-AA-AE-CB-C3-7E-C2">
      <ModulePath>C:\Windows\Microsoft.Net\assembly\GAC_MSIL\System.Globalization\v4.0_4.0.0.0__b03f5f7f11d50a3a\System.Globalization.dll</ModulePath>
      <ModuleTime>2019-12-07T09:10:36.086204Z</ModuleTime>
      <ModuleName>System.Globalization</ModuleName>
      <Classes />
    </Module>
    <Module skippedDueTo="MissingPdb" hash="DE-56-56-39-4A-E3-0C-7B-75-0D-9D-A8-86-1A-0F-93-AE-80-BA-25">
      <ModulePath>C:\Program Files (x86)\Microsoft Visual Studio\2019\Community\Common7\IDE\Extensions\TestPlatform\Microsoft.VisualStudio.TestPlatform.ObjectModel.dll</ModulePath>
      <ModuleTime>2021-09-05T17:06:32.7766101Z</ModuleTime>
      <ModuleName>Microsoft.VisualStudio.TestPlatform.ObjectModel</ModuleName>
      <Classes />
    </Module>
    <Module hash="99-B5-A4-89-75-3F-9E-04-59-FA-E2-43-8B-36-30-58-06-0C-2F-7A">
      <Summary numSequencePoints="8" visitedSequencePoints="8" numBranchPoints="2" visitedBranchPoints="2" sequenceCoverage="100" branchCoverage="100" maxCyclomaticComplexity="1" minCyclomaticComplexity="1" maxCrapScore="2" minCrapScore="1" visitedClasses="1" numClasses="1" visitedMethods="2" numMethods="2" />
      <ModulePath>E:\dev\C#\Primes\UnitTestsPrimes\bin\Debug\UnitTestsPrimes.dll</ModulePath>
      <ModuleTime>2021-09-06T17:53:53.258916Z</ModuleTime>
      <ModuleName>UnitTestsPrimes</ModuleName>
      <Files>
        <File uid="1" fullPath="E:\dev\C#\Primes\UnitTestsPrimes\PrimesTests.cs" />
      </Files>
      <Classes>
        <Class>
          <Summary numSequencePoints="0" visitedSequencePoints="0" numBranchPoints="0" visitedBranchPoints="0" sequenceCoverage="0" branchCoverage="0" maxCyclomaticComplexity="0" minCyclomaticComplexity="0" maxCrapScore="0" minCrapScore="0" visitedClasses="0" numClasses="0" visitedMethods="0" numMethods="0" />
          <FullName>&lt;Module&gt;</FullName>
          <Methods />
        </Class>
        <Class>
          <Summary numSequencePoints="8" visitedSequencePoints="8" numBranchPoints="2" visitedBranchPoints="2" sequenceCoverage="100" branchCoverage="100" maxCyclomaticComplexity="1" minCyclomaticComplexity="1" maxCrapScore="2" minCrapScore="1" visitedClasses="1" numClasses="1" visitedMethods="2" numMethods="2" />
          <FullName>UnitTestsPrimes.PrimesTests</FullName>
          <Methods>
            <Method visited="true" cyclomaticComplexity="1" nPathComplexity="0" sequenceCoverage="100" branchCoverage="100" crapScore="1" isConstructor="false" isStatic="false" isGetter="false" isSetter="false">
              <Summary numSequencePoints="4" visitedSequencePoints="4" numBranchPoints="1" visitedBranchPoints="1" sequenceCoverage="100" branchCoverage="100" maxCyclomaticComplexity="1" minCyclomaticComplexity="1" maxCrapScore="1" minCrapScore="1" visitedClasses="0" numClasses="0" visitedMethods="1" numMethods="1" />
              <MetadataToken>100663297</MetadataToken>
              <Name>System.Void UnitTestsPrimes.PrimesTests::PrimesSimple_PrimesNumbers_ReturnTrue(System.UInt64)</Name>
              <FileRef uid="1" />
              <SequencePoints>
                <SequencePoint vc="3" uspid="1" ordinal="0" offset="0" sl="16" sc="9" el="16" ec="10" bec="0" bev="0" fileid="1" />
                <SequencePoint vc="3" uspid="2" ordinal="1" offset="1" sl="21" sc="13" el="21" ec="44" bec="0" bev="0" fileid="1" />
                <SequencePoint vc="3" uspid="3" ordinal="2" offset="8" sl="24" sc="13" el="24" ec="36" bec="0" bev="0" fileid="1" />
                <SequencePoint vc="3" uspid="4" ordinal="3" offset="15" sl="25" sc="9" el="25" ec="10" bec="0" bev="0" fileid="1" />
              </SequencePoints>
              <BranchPoints />
              <MethodPoint xsi:type="SequencePoint" vc="3" uspid="1" ordinal="0" offset="0" sl="16" sc="9" el="16" ec="10" bec="0" bev="0" fileid="1" />
            </Method>
            <Method visited="true" cyclomaticComplexity="1" nPathComplexity="0" sequenceCoverage="100" branchCoverage="100" crapScore="1" isConstructor="false" isStatic="false" isGetter="false" isSetter="false">
              <Summary numSequencePoints="4" visitedSequencePoints="4" numBranchPoints="1" visitedBranchPoints="1" sequenceCoverage="100" branchCoverage="100" maxCyclomaticComplexity="1" minCyclomaticComplexity="1" maxCrapScore="1" minCrapScore="1" visitedClasses="0" numClasses="0" visitedMethods="1" numMethods="1" />
              <MetadataToken>100663298</MetadataToken>
              <Name>System.Void UnitTestsPrimes.PrimesTests::PrimesSimple_PrimesNumbers_ReturnFalse(System.UInt64)</Name>
              <FileRef uid="1" />
              <SequencePoints>
                <SequencePoint vc="3" uspid="5" ordinal="0" offset="0" sl="32" sc="9" el="32" ec="10" bec="0" bev="0" fileid="1" />
                <SequencePoint vc="3" uspid="6" ordinal="1" offset="1" sl="37" sc="13" el="37" ec="44" bec="0" bev="0" fileid="1" />
                <SequencePoint vc="3" uspid="7" ordinal="2" offset="8" sl="40" sc="13" el="40" ec="37" bec="0" bev="0" fileid="1" />
                <SequencePoint vc="3" uspid="8" ordinal="3" offset="15" sl="41" sc="9" el="41" ec="10" bec="0" bev="0" fileid="1" />
              </SequencePoints>
              <BranchPoints />
              <MethodPoint xsi:type="SequencePoint" vc="3" uspid="5" ordinal="0" offset="0" sl="32" sc="9" el="32" ec="10" bec="0" bev="0" fileid="1" />
            </Method>
            <Method visited="false" cyclomaticComplexity="1" nPathComplexity="0" sequenceCoverage="0" branchCoverage="0" crapScore="2" isConstructor="true" isStatic="false" isGetter="false" isSetter="false">
              <Summary numSequencePoints="0" visitedSequencePoints="0" numBranchPoints="0" visitedBranchPoints="0" sequenceCoverage="0" branchCoverage="0" maxCyclomaticComplexity="1" minCyclomaticComplexity="1" maxCrapScore="2" minCrapScore="2" visitedClasses="0" numClasses="0" visitedMethods="0" numMethods="0" />
              <MetadataToken>100663299</MetadataToken>
              <Name>System.Void UnitTestsPrimes.PrimesTests::.ctor()</Name>
              <SequencePoints />
              <BranchPoints />
              <MethodPoint vc="0" uspid="9" ordinal="0" offset="0" />
            </Method>
          </Methods>
        </Class>
      </Classes>
    </Module>
    <Module skippedDueTo="MissingPdb" hash="9F-B4-90-32-5C-01-2F-96-AB-6E-1F-84-11-8B-75-1E-13-B0-EB-43">
      <ModulePath>C:\Program Files (x86)\Microsoft Visual Studio\2019\Community\Common7\IDE\Extensions\TestPlatform\Microsoft.TestPlatform.PlatformAbstractions.dll</ModulePath>
      <ModuleTime>2021-09-05T17:06:32.6510305Z</ModuleTime>
      <ModuleName>Microsoft.TestPlatform.PlatformAbstractions</ModuleName>
      <Classes />
    </Module>
    <Module skippedDueTo="MissingPdb" hash="0B-5B-D3-E4-D9-18-57-28-D8-3D-98-EC-26-59-5E-61-28-11-C6-AA">
      <ModulePath>E:\dev\C#\Primes\UnitTestsPrimes\bin\Debug\Microsoft.VisualStudio.TestPlatform.MSTestAdapter.PlatformServices.dll</ModulePath>
      <ModuleTime>2020-06-08T09:56:52Z</ModuleTime>
      <ModuleName>Microsoft.VisualStudio.TestPlatform.MSTestAdapter.PlatformServices</ModuleName>
      <Classes />
    </Module>
    <Module skippedDueTo="Filter" hash="F6-6A-78-0B-7A-C2-5D-35-8E-C7-1F-87-98-14-45-7C-F1-AC-A4-89">
      <ModulePath>C:\Windows\Microsoft.Net\assembly\GAC_MSIL\System\v4.0_4.0.0.0__b77a5c561934e089\System.dll</ModulePath>
      <ModuleTime>2021-04-08T04:26:00.6371167Z</ModuleTime>
      <ModuleName>System</ModuleName>
      <Classes />
    </Module>
    <Module skippedDueTo="MissingPdb" hash="0D-5D-97-72-83-71-7E-38-04-5B-09-7F-4A-00-D8-E1-22-BE-E7-18">
      <ModulePath>C:\Program Files (x86)\Microsoft Visual Studio\2019\Community\Common7\IDE\CommonExtensions\Microsoft\TestWindow\Microsoft.VisualStudio.TestPlatform.ObjectModel.dll</ModulePath>
      <ModuleTime>2021-09-05T17:06:31.1904523Z</ModuleTime>
      <ModuleName>Microsoft.VisualStudio.TestPlatform.ObjectModel</ModuleName>
      <Classes />
    </Module>
    <Module skippedDueTo="MissingPdb" hash="6F-0D-72-50-01-9F-5A-13-E7-FF-65-AC-14-11-3D-9F-BE-89-EF-98">
      <ModulePath>C:\Program Files (x86)\Microsoft Visual Studio\2019\Community\Common7\IDE\CommonExtensions\Microsoft\TestWindow\Microsoft.TestPlatform.CoreUtilities.dll</ModulePath>
      <ModuleTime>2021-09-05T17:06:31.1844427Z</ModuleTime>
      <ModuleName>Microsoft.TestPlatform.CoreUtilities</ModuleName>
      <Classes />
    </Module>
    <Module skippedDueTo="MissingPdb" hash="9F-B4-90-32-5C-01-2F-96-AB-6E-1F-84-11-8B-75-1E-13-B0-EB-43">
      <ModulePath>C:\Program Files (x86)\Microsoft Visual Studio\2019\Community\Common7\IDE\Extensions\TestPlatform\Microsoft.TestPlatform.PlatformAbstractions.dll</ModulePath>
      <ModuleTime>2021-09-05T17:06:32.6510305Z</ModuleTime>
      <ModuleName>Microsoft.TestPlatform.PlatformAbstractions</ModuleName>
      <Classes />
    </Module>
    <Module skippedDueTo="MissingPdb" hash="0B-5B-D3-E4-D9-18-57-28-D8-3D-98-EC-26-59-5E-61-28-11-C6-AA">
      <ModulePath>E:\dev\C#\Primes\UnitTestsPrimes\bin\Debug\Microsoft.VisualStudio.TestPlatform.MSTestAdapter.PlatformServices.dll</ModulePath>
      <ModuleTime>2020-06-08T09:56:52Z</ModuleTime>
      <ModuleName>Microsoft.VisualStudio.TestPlatform.MSTestAdapter.PlatformServices</ModuleName>
      <Classes />
    </Module>
    <Module skippedDueTo="MissingPdb" hash="E4-D2-3C-11-FE-63-25-B1-1B-09-DE-F7-6F-A5-06-10-5F-B1-E0-10">
      <ModulePath>E:\dev\C#\Primes\UnitTestsPrimes\bin\Debug\Microsoft.VisualStudio.TestPlatform.MSTest.TestAdapter.dll</ModulePath>
      <ModuleTime>2020-06-08T09:52:58Z</ModuleTime>
      <ModuleName>Microsoft.VisualStudio.TestPlatform.MSTest.TestAdapter</ModuleName>
      <Classes />
    </Module>
    <Module skippedDueTo="MissingPdb" hash="0C-28-09-D1-D0-60-08-83-54-0C-FF-3A-03-3E-89-C4-B1-B8-9F-08">
      <ModulePath>E:\dev\C#\Primes\UnitTestsPrimes\bin\Debug\Microsoft.VisualStudio.TestPlatform.TestFramework.dll</ModulePath>
      <ModuleTime>2020-06-08T09:46:50Z</ModuleTime>
      <ModuleName>Microsoft.VisualStudio.TestPlatform.TestFramework</ModuleName>
      <Classes />
    </Module>
    <Module skippedDueTo="MissingPdb" hash="E3-EB-03-22-B9-3B-F9-4D-B1-74-2E-53-D6-B0-1B-AC-C6-07-4B-62">
      <ModulePath>E:\dev\C#\Primes\UnitTestsPrimes\bin\Debug\Microsoft.VisualStudio.TestPlatform.MSTestAdapter.PlatformServices.Interface.dll</ModulePath>
      <ModuleTime>2020-06-08T09:50:54Z</ModuleTime>
      <ModuleName>Microsoft.VisualStudio.TestPlatform.MSTestAdapter.PlatformServices.Interface</ModuleName>
      <Classes />
    </Module>
    <Module skippedDueTo="Filter" hash="52-71-A6-6B-DF-88-C9-A4-68-E9-19-B1-05-28-34-DD-EC-DF-A7-B5">
      <ModulePath>C:\Windows\Microsoft.Net\assembly\GAC_MSIL\System.Threading.Tasks\v4.0_4.0.0.0__b03f5f7f11d50a3a\System.Threading.Tasks.dll</ModulePath>
      <ModuleTime>2019-12-07T09:10:34.5705678Z</ModuleTime>
      <ModuleName>System.Threading.Tasks</ModuleName>
      <Classes />
    </Module>
    <Module skippedDueTo="MissingPdb" hash="DE-56-56-39-4A-E3-0C-7B-75-0D-9D-A8-86-1A-0F-93-AE-80-BA-25">
      <ModulePath>C:\Program Files (x86)\Microsoft Visual Studio\2019\Community\Common7\IDE\Extensions\TestPlatform\Microsoft.VisualStudio.TestPlatform.ObjectModel.dll</ModulePath>
      <ModuleTime>2021-09-05T17:06:32.7766101Z</ModuleTime>
      <ModuleName>Microsoft.VisualStudio.TestPlatform.ObjectModel</ModuleName>
      <Classes />
    </Module>
    <Module skippedDueTo="MissingPdb" hash="64-CA-AE-40-A2-72-19-5E-DC-DD-E1-D0-45-18-4A-A6-29-01-E0-46">
      <ModulePath>E:\dev\C#\Primes\UnitTestsPrimes\bin\Debug\Microsoft.VisualStudio.TestPlatform.TestFramework.Extensions.dll</ModulePath>
      <ModuleTime>2020-06-08T09:55:36Z</ModuleTime>
      <ModuleName>Microsoft.VisualStudio.TestPlatform.TestFramework.Extensions</ModuleName>
      <Classes />
    </Module>
    <Module skippedDueTo="Filter" hash="01-A6-55-30-50-42-B1-C7-61-5A-E0-0D-2E-23-90-7B-53-84-D7-D8">
      <ModulePath>C:\Windows\Microsoft.Net\assembly\GAC_MSIL\System.Runtime.Serialization\v4.0_4.0.0.0__b77a5c561934e089\System.Runtime.Serialization.dll</ModulePath>
      <ModuleTime>2021-04-09T13:37:47.0582532Z</ModuleTime>
      <ModuleName>System.Runtime.Serialization</ModuleName>
      <Classes />
    </Module>
    <Module skippedDueTo="Filter" hash="F5-C2-93-32-4B-A3-07-2F-2B-2D-AC-74-4F-7A-D3-37-AA-8F-49-1B">
      <ModulePath>C:\Windows\Microsoft.Net\assembly\GAC_MSIL\System.Collections.Concurrent\v4.0_4.0.0.0__b03f5f7f11d50a3a\System.Collections.Concurrent.dll</ModulePath>
      <ModuleTime>2019-12-07T09:10:34.5552678Z</ModuleTime>
      <ModuleName>System.Collections.Concurrent</ModuleName>
      <Classes />
    </Module>
    <Module skippedDueTo="MissingPdb" hash="9F-B4-90-32-5C-01-2F-96-AB-6E-1F-84-11-8B-75-1E-13-B0-EB-43">
      <ModulePath>C:\Program Files (x86)\Microsoft Visual Studio\2019\Community\Common7\IDE\Extensions\TestPlatform\Microsoft.TestPlatform.PlatformAbstractions.dll</ModulePath>
      <ModuleTime>2021-09-05T17:06:32.6510305Z</ModuleTime>
      <ModuleName>Microsoft.TestPlatform.PlatformAbstractions</ModuleName>
      <Classes />
    </Module>
    <Module skippedDueTo="MissingPdb" hash="0B-5B-D3-E4-D9-18-57-28-D8-3D-98-EC-26-59-5E-61-28-11-C6-AA">
      <ModulePath>E:\dev\C#\Primes\UnitTestsPrimes\bin\Debug\Microsoft.VisualStudio.TestPlatform.MSTestAdapter.PlatformServices.dll</ModulePath>
      <ModuleTime>2020-06-08T09:56:52Z</ModuleTime>
      <ModuleName>Microsoft.VisualStudio.TestPlatform.MSTestAdapter.PlatformServices</ModuleName>
      <Classes />
    </Module>
    <Module skippedDueTo="MissingPdb" hash="0D-5D-97-72-83-71-7E-38-04-5B-09-7F-4A-00-D8-E1-22-BE-E7-18">
      <ModulePath>C:\Program Files (x86)\Microsoft Visual Studio\2019\Community\Common7\IDE\CommonExtensions\Microsoft\TestWindow\Microsoft.VisualStudio.TestPlatform.ObjectModel.dll</ModulePath>
      <ModuleTime>2021-09-05T17:06:31.1904523Z</ModuleTime>
      <ModuleName>Microsoft.VisualStudio.TestPlatform.ObjectModel</ModuleName>
      <Classes />
    </Module>
    <Module skippedDueTo="MissingPdb" hash="6F-0D-72-50-01-9F-5A-13-E7-FF-65-AC-14-11-3D-9F-BE-89-EF-98">
      <ModulePath>C:\Program Files (x86)\Microsoft Visual Studio\2019\Community\Common7\IDE\CommonExtensions\Microsoft\TestWindow\Microsoft.TestPlatform.CoreUtilities.dll</ModulePath>
      <ModuleTime>2021-09-05T17:06:31.1844427Z</ModuleTime>
      <ModuleName>Microsoft.TestPlatform.CoreUtilities</ModuleName>
      <Classes />
    </Module>
    <Module skippedDueTo="MissingPdb" hash="9F-B4-90-32-5C-01-2F-96-AB-6E-1F-84-11-8B-75-1E-13-B0-EB-43">
      <ModulePath>C:\Program Files (x86)\Microsoft Visual Studio\2019\Community\Common7\IDE\Extensions\TestPlatform\Microsoft.TestPlatform.PlatformAbstractions.dll</ModulePath>
      <ModuleTime>2021-09-05T17:06:32.6510305Z</ModuleTime>
      <ModuleName>Microsoft.TestPlatform.PlatformAbstractions</ModuleName>
      <Classes />
    </Module>
    <Module skippedDueTo="MissingPdb" hash="0B-5B-D3-E4-D9-18-57-28-D8-3D-98-EC-26-59-5E-61-28-11-C6-AA">
      <ModulePath>E:\dev\C#\Primes\UnitTestsPrimes\bin\Debug\Microsoft.VisualStudio.TestPlatform.MSTestAdapter.PlatformServices.dll</ModulePath>
      <ModuleTime>2020-06-08T09:56:52Z</ModuleTime>
      <ModuleName>Microsoft.VisualStudio.TestPlatform.MSTestAdapter.PlatformServices</ModuleName>
      <Classes />
    </Module>
    <Module skippedDueTo="MissingPdb" hash="E4-D2-3C-11-FE-63-25-B1-1B-09-DE-F7-6F-A5-06-10-5F-B1-E0-10">
      <ModulePath>E:\dev\C#\Primes\UnitTestsPrimes\bin\Debug\Microsoft.VisualStudio.TestPlatform.MSTest.TestAdapter.dll</ModulePath>
      <ModuleTime>2020-06-08T09:52:58Z</ModuleTime>
      <ModuleName>Microsoft.VisualStudio.TestPlatform.MSTest.TestAdapter</ModuleName>
      <Classes />
    </Module>
    <Module skippedDueTo="MissingPdb" hash="0C-28-09-D1-D0-60-08-83-54-0C-FF-3A-03-3E-89-C4-B1-B8-9F-08">
      <ModulePath>E:\dev\C#\Primes\UnitTestsPrimes\bin\Debug\Microsoft.VisualStudio.TestPlatform.TestFramework.dll</ModulePath>
      <ModuleTime>2020-06-08T09:46:50Z</ModuleTime>
      <ModuleName>Microsoft.VisualStudio.TestPlatform.TestFramework</ModuleName>
      <Classes />
    </Module>
    <Module skippedDueTo="MissingPdb" hash="E3-EB-03-22-B9-3B-F9-4D-B1-74-2E-53-D6-B0-1B-AC-C6-07-4B-62">
      <ModulePath>E:\dev\C#\Primes\UnitTestsPrimes\bin\Debug\Microsoft.VisualStudio.TestPlatform.MSTestAdapter.PlatformServices.Interface.dll</ModulePath>
      <ModuleTime>2020-06-08T09:50:54Z</ModuleTime>
      <ModuleName>Microsoft.VisualStudio.TestPlatform.MSTestAdapter.PlatformServices.Interface</ModuleName>
      <Classes />
    </Module>
    <Module skippedDueTo="MissingPdb" hash="64-CA-AE-40-A2-72-19-5E-DC-DD-E1-D0-45-18-4A-A6-29-01-E0-46">
      <ModulePath>E:\dev\C#\Primes\UnitTestsPrimes\bin\Debug\Microsoft.VisualStudio.TestPlatform.TestFramework.Extensions.dll</ModulePath>
      <ModuleTime>2020-06-08T09:55:36Z</ModuleTime>
      <ModuleName>Microsoft.VisualStudio.TestPlatform.TestFramework.Extensions</ModuleName>
      <Classes />
    </Module>
    <Module hash="5F-FD-CD-C2-5F-17-7D-85-E4-EC-FE-B3-83-F2-30-90-C2-14-25-2D">
      <Summary numSequencePoints="1528" visitedSequencePoints="32" numBranchPoints="557" visitedBranchPoints="15" sequenceCoverage="2.09" branchCoverage="2.69" maxCyclomaticComplexity="15" minCyclomaticComplexity="1" maxCrapScore="240" minCrapScore="2" visitedClasses="1" numClasses="36" visitedMethods="2" numMethods="219" />
      <ModulePath>E:\dev\C#\Primes\UnitTestsPrimes\bin\Debug\Primes.Common.dll</ModulePath>
      <ModuleTime>2021-09-06T17:52:24.2252316Z</ModuleTime>
      <ModuleName>Primes.Common</ModuleName>
      <Files>
        <File uid="3" fullPath="E:\dev\C#\Primes\Primes.Common\ConsoleLock.cs" />
        <File uid="4" fullPath="E:\dev\C#\Primes\Primes.Common\ExtensionMethods.cs" />
        <File uid="5" fullPath="E:\dev\C#\Primes\Primes.Common\Log.cs" />
        <File uid="6" fullPath="E:\dev\C#\Primes\Primes.Common\Mathf.cs" />
        <File uid="7" fullPath="E:\dev\C#\Primes\Primes.Common\Utils.cs" />
        <File uid="8" fullPath="E:\dev\C#\Primes\Primes.Common\Net\Client.cs" />
        <File uid="9" fullPath="E:\dev\C#\Primes\Primes.Common\Net\SegmentedData.cs" />
        <File uid="10" fullPath="E:\dev\C#\Primes\Primes.Common\Net\Messages\Message.cs" />
        <File uid="11" fullPath="E:\dev\C#\Primes\Primes.Common\Net\Messages\Message_ClientBatchReceived.cs" />
        <File uid="12" fullPath="E:\dev\C#\Primes\Primes.Common\Net\Messages\Message_ClientBatchSend.cs" />
        <File uid="13" fullPath="E:\dev\C#\Primes\Primes.Common\Net\Messages\Message_ClientFailedTransfer.cs" />
        <File uid="14" fullPath="E:\dev\C#\Primes\Primes.Common\Net\Messages\Message_ClientRequest.cs" />
        <File uid="15" fullPath="E:\dev\C#\Primes\Primes.Common\Net\Messages\Message_ClientWorkerId.cs" />
        <File uid="16" fullPath="E:\dev\C#\Primes\Primes.Common\Net\Messages\Message_ServerBatchNotAvailable.cs" />
        <File uid="17" fullPath="E:\dev\C#\Primes\Primes.Common\Net\Messages\Message_ServerBatchReceive.cs" />
        <File uid="18" fullPath="E:\dev\C#\Primes\Primes.Common\Net\Messages\Message_ServerBatchReturnListening.cs" />
        <File uid="19" fullPath="E:\dev\C#\Primes\Primes.Common\Net\Messages\Message_ServerBatchSend.cs" />
        <File uid="20" fullPath="E:\dev\C#\Primes\Primes.Common\Net\Messages\Message_ServerCloseConnection.cs" />
        <File uid="21" fullPath="E:\dev\C#\Primes\Primes.Common\Net\Messages\Message_ServerFailedTransfer.cs" />
        <File uid="22" fullPath="E:\dev\C#\Primes\Primes.Common\Net\Messages\Message_ServerRequestWorkerId.cs" />
        <File uid="23" fullPath="E:\dev\C#\Primes\Primes.Common\Net\Messages\Message_ServerStateRequest.cs" />
        <File uid="24" fullPath="E:\dev\C#\Primes\Primes.Common\Net\Messages\Message_ServerWelcomeWait.cs" />
        <File uid="25" fullPath="E:\dev\C#\Primes\Primes.Common\Files\Compression.cs" />
        <File uid="28" fullPath="E:\dev\C#\Primes\Primes.Common\Files\Files.cs" />
        <File uid="36" fullPath="E:\dev\C#\Primes\Primes.Common\Files\SevenZip.cs" />
        <File uid="37" fullPath="E:\dev\C#\Primes\Primes.Common\Files\Serializers.cs" />
      </Files>
      <Classes>
        <Class>
          <Summary numSequencePoints="0" visitedSequencePoints="0" numBranchPoints="0" visitedBranchPoints="0" sequenceCoverage="0" branchCoverage="0" maxCyclomaticComplexity="0" minCyclomaticComplexity="0" maxCrapScore="0" minCrapScore="0" visitedClasses="0" numClasses="0" visitedMethods="0" numMethods="0" />
          <FullName>&lt;Module&gt;</FullName>
          <Methods />
        </Class>
        <Class>
          <Summary numSequencePoints="1" visitedSequencePoints="0" numBranchPoints="1" visitedBranchPoints="0" sequenceCoverage="0" branchCoverage="0" maxCyclomaticComplexity="1" minCyclomaticComplexity="1" maxCrapScore="2" minCrapScore="2" visitedClasses="0" numClasses="1" visitedMethods="0" numMethods="1" />
          <FullName>Primes.Common.ConsoleLock</FullName>
          <Methods>
            <Method visited="false" cyclomaticComplexity="1" nPathComplexity="0" sequenceCoverage="0" branchCoverage="0" crapScore="2" isConstructor="true" isStatic="true" isGetter="false" isSetter="false">
              <Summary numSequencePoints="1" visitedSequencePoints="0" numBranchPoints="1" visitedBranchPoints="0" sequenceCoverage="0" branchCoverage="0" maxCyclomaticComplexity="1" minCyclomaticComplexity="1" maxCrapScore="2" minCrapScore="2" visitedClasses="0" numClasses="0" visitedMethods="0" numMethods="1" />
              <MetadataToken>100663297</MetadataToken>
              <Name>System.Void Primes.Common.ConsoleLock::.cctor()</Name>
              <FileRef uid="3" />
              <SequencePoints>
                <SequencePoint vc="0" uspid="10" ordinal="0" offset="0" sl="11" sc="9" el="11" ec="75" bec="0" bev="0" fileid="3" />
              </SequencePoints>
              <BranchPoints />
              <MethodPoint xsi:type="SequencePoint" vc="0" uspid="10" ordinal="0" offset="0" sl="11" sc="9" el="11" ec="75" bec="0" bev="0" fileid="3" />
            </Method>
          </Methods>
        </Class>
        <Class>
          <Summary numSequencePoints="0" visitedSequencePoints="0" numBranchPoints="0" visitedBranchPoints="0" sequenceCoverage="0" branchCoverage="0" maxCyclomaticComplexity="1" minCyclomaticComplexity="1" maxCrapScore="2" minCrapScore="2" visitedClasses="0" numClasses="0" visitedMethods="0" numMethods="0" />
          <FullName>Primes.Common.ConsoleLock/UseForConsoleLock</FullName>
          <Methods>
            <Method visited="false" cyclomaticComplexity="1" nPathComplexity="0" sequenceCoverage="0" branchCoverage="0" crapScore="2" isConstructor="true" isStatic="false" isGetter="false" isSetter="false">
              <Summary numSequencePoints="0" visitedSequencePoints="0" numBranchPoints="0" visitedBranchPoints="0" sequenceCoverage="0" branchCoverage="0" maxCyclomaticComplexity="1" minCyclomaticComplexity="1" maxCrapScore="2" minCrapScore="2" visitedClasses="0" numClasses="0" visitedMethods="0" numMethods="0" />
              <MetadataToken>100663463</MetadataToken>
              <Name>System.Void Primes.Common.ConsoleLock/UseForConsoleLock::.ctor()</Name>
              <SequencePoints />
              <BranchPoints />
              <MethodPoint vc="0" uspid="11" ordinal="0" offset="0" />
            </Method>
          </Methods>
        </Class>
        <Class>
          <Summary numSequencePoints="28" visitedSequencePoints="0" numBranchPoints="13" visitedBranchPoints="0" sequenceCoverage="0" branchCoverage="0" maxCyclomaticComplexity="3" minCyclomaticComplexity="1" maxCrapScore="12" minCrapScore="2" visitedClasses="0" numClasses="1" visitedMethods="0" numMethods="7" />
          <FullName>Primes.Common.ExtensionMethods</FullName>
          <Methods>
            <Method visited="false" cyclomaticComplexity="3" nPathComplexity="4" sequenceCoverage="0" branchCoverage="0" crapScore="12" isConstructor="false" isStatic="true" isGetter="false" isSetter="false">
              <Summary numSequencePoints="5" visitedSequencePoints="0" numBranchPoints="5" visitedBranchPoints="0" sequenceCoverage="0" branchCoverage="0" maxCyclomaticComplexity="3" minCyclomaticComplexity="3" maxCrapScore="12" minCrapScore="12" visitedClasses="0" numClasses="0" visitedMethods="0" numMethods="1" />
              <MetadataToken>100663298</MetadataToken>
              <Name>System.String Primes.Common.ExtensionMethods::Truncate(System.String,System.Int32)</Name>
              <FileRef uid="4" />
              <SequencePoints>
                <SequencePoint vc="0" uspid="12" ordinal="0" offset="0" sl="21" sc="9" el="21" ec="10" bec="0" bev="0" fileid="4" />
                <SequencePoint vc="0" uspid="13" ordinal="1" offset="1" sl="22" sc="13" el="22" ec="45" bec="2" bev="0" fileid="4" />
                <SequencePoint vc="0" uspid="14" ordinal="2" offset="11" sl="23" sc="17" el="23" ec="30" bec="0" bev="0" fileid="4" />
                <SequencePoint vc="0" uspid="15" ordinal="3" offset="15" sl="24" sc="13" el="24" ec="86" bec="2" bev="0" fileid="4" />
                <SequencePoint vc="0" uspid="16" ordinal="4" offset="38" sl="25" sc="9" el="25" ec="10" bec="0" bev="0" fileid="4" />
              </SequencePoints>
              <BranchPoints>
                <BranchPoint vc="0" uspid="17" ordinal="0" offset="9" sl="22" path="0" offsetend="11" fileid="4" />
                <BranchPoint vc="0" uspid="18" ordinal="1" offset="9" sl="22" path="1" offsetend="15" fileid="4" />
                <BranchPoint vc="0" uspid="19" ordinal="2" offset="22" sl="24" path="0" offsetend="24" fileid="4" />
                <BranchPoint vc="0" uspid="20" ordinal="3" offset="22" sl="24" path="1" offsetend="34" fileid="4" />
              </BranchPoints>
              <MethodPoint xsi:type="SequencePoint" vc="0" uspid="12" ordinal="0" offset="0" sl="21" sc="9" el="21" ec="10" bec="0" bev="0" fileid="4" />
            </Method>
            <Method visited="false" cyclomaticComplexity="2" nPathComplexity="2" sequenceCoverage="0" branchCoverage="0" crapScore="6" isConstructor="false" isStatic="true" isGetter="false" isSetter="false">
              <Summary numSequencePoints="5" visitedSequencePoints="0" numBranchPoints="3" visitedBranchPoints="0" sequenceCoverage="0" branchCoverage="0" maxCyclomaticComplexity="2" minCyclomaticComplexity="2" maxCrapScore="6" minCrapScore="6" visitedClasses="0" numClasses="0" visitedMethods="0" numMethods="1" />
              <MetadataToken>100663299</MetadataToken>
              <Name>System.String Primes.Common.ExtensionMethods::SetLength(System.String,System.Int32)</Name>
              <FileRef uid="4" />
              <SequencePoints>
                <SequencePoint vc="0" uspid="21" ordinal="0" offset="0" sl="34" sc="9" el="34" ec="10" bec="0" bev="0" fileid="4" />
                <SequencePoint vc="0" uspid="22" ordinal="1" offset="1" sl="35" sc="13" el="35" ec="40" bec="2" bev="0" fileid="4" />
                <SequencePoint vc="0" uspid="23" ordinal="2" offset="17" sl="36" sc="17" el="36" ec="51" bec="0" bev="0" fileid="4" />
                <SequencePoint vc="0" uspid="24" ordinal="3" offset="28" sl="38" sc="13" el="38" ec="61" bec="0" bev="0" fileid="4" />
                <SequencePoint vc="0" uspid="25" ordinal="4" offset="58" sl="39" sc="9" el="39" ec="10" bec="0" bev="0" fileid="4" />
              </SequencePoints>
              <BranchPoints>
                <BranchPoint vc="0" uspid="26" ordinal="0" offset="15" sl="35" path="0" offsetend="17" fileid="4" />
                <BranchPoint vc="0" uspid="27" ordinal="1" offset="15" sl="35" path="1" offsetend="28" fileid="4" />
              </BranchPoints>
              <MethodPoint xsi:type="SequencePoint" vc="0" uspid="21" ordinal="0" offset="0" sl="34" sc="9" el="34" ec="10" bec="0" bev="0" fileid="4" />
            </Method>
            <Method visited="false" cyclomaticComplexity="2" nPathComplexity="0" sequenceCoverage="0" branchCoverage="0" crapScore="6" isConstructor="false" isStatic="true" isGetter="false" isSetter="false">
              <Summary numSequencePoints="8" visitedSequencePoints="0" numBranchPoints="1" visitedBranchPoints="0" sequenceCoverage="0" branchCoverage="0" maxCyclomaticComplexity="2" minCyclomaticComplexity="2" maxCrapScore="6" minCrapScore="6" visitedClasses="0" numClasses="0" visitedMethods="0" numMethods="1" />
              <MetadataToken>100663300</MetadataToken>
              <Name>System.String Primes.Common.ExtensionMethods::Loop(System.String,System.Int32)</Name>
              <FileRef uid="4" />
              <SequencePoints>
                <SequencePoint vc="0" uspid="28" ordinal="0" offset="0" sl="47" sc="9" el="47" ec="10" bec="0" bev="0" fileid="4" />
                <SequencePoint vc="0" uspid="29" ordinal="1" offset="1" sl="48" sc="13" el="48" ec="37" bec="0" bev="0" fileid="4" />
                <SequencePoint vc="0" uspid="30" ordinal="2" offset="7" sl="50" sc="18" el="50" ec="27" bec="0" bev="0" fileid="4" />
                <SequencePoint vc="0" uspid="31" ordinal="3" offset="11" sl="50" sc="45" el="50" ec="56" bec="0" bev="0" fileid="4" />
                <SequencePoint vc="0" uspid="32" ordinal="4" offset="19" sl="50" sc="40" el="50" ec="43" bec="0" bev="0" fileid="4" />
                <SequencePoint vc="0" uspid="33" ordinal="5" offset="23" sl="50" sc="29" el="50" ec="38" bec="0" bev="0" fileid="4" />
                <SequencePoint vc="0" uspid="34" ordinal="6" offset="31" sl="52" sc="13" el="52" ec="22" bec="0" bev="0" fileid="4" />
                <SequencePoint vc="0" uspid="35" ordinal="7" offset="35" sl="53" sc="9" el="53" ec="10" bec="0" bev="0" fileid="4" />
              </SequencePoints>
              <BranchPoints />
              <MethodPoint xsi:type="SequencePoint" vc="0" uspid="28" ordinal="0" offset="0" sl="47" sc="9" el="47" ec="10" bec="0" bev="0" fileid="4" />
            </Method>
            <Method visited="false" cyclomaticComplexity="1" nPathComplexity="0" sequenceCoverage="0" branchCoverage="0" crapScore="2" isConstructor="false" isStatic="true" isGetter="false" isSetter="false">
              <Summary numSequencePoints="5" visitedSequencePoints="0" numBranchPoints="1" visitedBranchPoints="0" sequenceCoverage="0" branchCoverage="0" maxCyclomaticComplexity="1" minCyclomaticComplexity="1" maxCrapScore="2" minCrapScore="2" visitedClasses="0" numClasses="0" visitedMethods="0" numMethods="1" />
              <MetadataToken>100663301</MetadataToken>
              <Name>T[] Primes.Common.ExtensionMethods::GetFirst(T[],System.Int32)</Name>
              <FileRef uid="4" />
              <SequencePoints>
                <SequencePoint vc="0" uspid="36" ordinal="0" offset="0" sl="62" sc="9" el="62" ec="10" bec="0" bev="0" fileid="4" />
                <SequencePoint vc="0" uspid="37" ordinal="1" offset="1" sl="63" sc="13" el="63" ec="37" bec="0" bev="0" fileid="4" />
                <SequencePoint vc="0" uspid="38" ordinal="2" offset="8" sl="65" sc="13" el="65" ec="44" bec="0" bev="0" fileid="4" />
                <SequencePoint vc="0" uspid="39" ordinal="3" offset="17" sl="67" sc="13" el="67" ec="24" bec="0" bev="0" fileid="4" />
                <SequencePoint vc="0" uspid="40" ordinal="4" offset="21" sl="68" sc="9" el="68" ec="10" bec="0" bev="0" fileid="4" />
              </SequencePoints>
              <BranchPoints />
              <MethodPoint xsi:type="SequencePoint" vc="0" uspid="36" ordinal="0" offset="0" sl="62" sc="9" el="62" ec="10" bec="0" bev="0" fileid="4" />
            </Method>
            <Method visited="false" cyclomaticComplexity="1" nPathComplexity="0" sequenceCoverage="0" branchCoverage="0" crapScore="2" isConstructor="false" isStatic="true" isGetter="false" isSetter="false">
              <Summary numSequencePoints="3" visitedSequencePoints="0" numBranchPoints="1" visitedBranchPoints="0" sequenceCoverage="0" branchCoverage="0" maxCyclomaticComplexity="1" minCyclomaticComplexity="1" maxCrapScore="2" minCrapScore="2" visitedClasses="0" numClasses="0" visitedMethods="0" numMethods="1" />
              <MetadataToken>100663302</MetadataToken>
              <Name>System.Int64 Primes.Common.ExtensionMethods::RemainingBytes(System.IO.Stream)</Name>
              <FileRef uid="4" />
              <SequencePoints>
                <SequencePoint vc="0" uspid="41" ordinal="0" offset="0" sl="75" sc="9" el="75" ec="10" bec="0" bev="0" fileid="4" />
                <SequencePoint vc="0" uspid="42" ordinal="1" offset="1" sl="76" sc="13" el="76" ec="52" bec="0" bev="0" fileid="4" />
                <SequencePoint vc="0" uspid="43" ordinal="2" offset="17" sl="77" sc="9" el="77" ec="10" bec="0" bev="0" fileid="4" />
              </SequencePoints>
              <BranchPoints />
              <MethodPoint xsi:type="SequencePoint" vc="0" uspid="41" ordinal="0" offset="0" sl="75" sc="9" el="75" ec="10" bec="0" bev="0" fileid="4" />
            </Method>
            <Method visited="false" cyclomaticComplexity="1" nPathComplexity="0" sequenceCoverage="0" branchCoverage="0" crapScore="2" isConstructor="false" isStatic="true" isGetter="false" isSetter="false">
              <Summary numSequencePoints="1" visitedSequencePoints="0" numBranchPoints="1" visitedBranchPoints="0" sequenceCoverage="0" branchCoverage="0" maxCyclomaticComplexity="1" minCyclomaticComplexity="1" maxCrapScore="2" minCrapScore="2" visitedClasses="0" numClasses="0" visitedMethods="0" numMethods="1" />
              <MetadataToken>100663303</MetadataToken>
              <Name>V[] Primes.Common.ExtensionMethods::GetValues(System.Collections.Generic.Dictionary`2&lt;K,V&gt;)</Name>
              <FileRef uid="4" />
              <SequencePoints>
                <SequencePoint vc="0" uspid="44" ordinal="0" offset="0" sl="85" sc="80" el="85" ec="107" bec="0" bev="0" fileid="4" />
              </SequencePoints>
              <BranchPoints />
              <MethodPoint xsi:type="SequencePoint" vc="0" uspid="44" ordinal="0" offset="0" sl="85" sc="80" el="85" ec="107" bec="0" bev="0" fileid="4" />
            </Method>
            <Method visited="false" cyclomaticComplexity="1" nPathComplexity="0" sequenceCoverage="0" branchCoverage="0" crapScore="2" isConstructor="false" isStatic="true" isGetter="false" isSetter="false">
              <Summary numSequencePoints="1" visitedSequencePoints="0" numBranchPoints="1" visitedBranchPoints="0" sequenceCoverage="0" branchCoverage="0" maxCyclomaticComplexity="1" minCyclomaticComplexity="1" maxCrapScore="2" minCrapScore="2" visitedClasses="0" numClasses="0" visitedMethods="0" numMethods="1" />
              <MetadataToken>100663304</MetadataToken>
              <Name>K[] Primes.Common.ExtensionMethods::GetKeys(System.Collections.Generic.Dictionary`2&lt;K,V&gt;)</Name>
              <FileRef uid="4" />
              <SequencePoints>
                <SequencePoint vc="0" uspid="45" ordinal="0" offset="0" sl="93" sc="78" el="93" ec="103" bec="0" bev="0" fileid="4" />
              </SequencePoints>
              <BranchPoints />
              <MethodPoint xsi:type="SequencePoint" vc="0" uspid="45" ordinal="0" offset="0" sl="93" sc="78" el="93" ec="103" bec="0" bev="0" fileid="4" />
            </Method>
          </Methods>
        </Class>
        <Class>
          <Summary numSequencePoints="77" visitedSequencePoints="0" numBranchPoints="24" visitedBranchPoints="0" sequenceCoverage="0" branchCoverage="0" maxCyclomaticComplexity="10" minCyclomaticComplexity="1" maxCrapScore="110" minCrapScore="2" visitedClasses="0" numClasses="1" visitedMethods="0" numMethods="11" />
          <FullName>Primes.Common.Log</FullName>
          <Methods>
            <Method visited="false" cyclomaticComplexity="1" nPathComplexity="0" sequenceCoverage="0" branchCoverage="0" crapScore="2" isConstructor="false" isStatic="true" isGetter="true" isSetter="false">
              <Summary numSequencePoints="1" visitedSequencePoints="0" numBranchPoints="1" visitedBranchPoints="0" sequenceCoverage="0" branchCoverage="0" maxCyclomaticComplexity="1" minCyclomaticComplexity="1" maxCrapScore="2" minCrapScore="2" visitedClasses="0" numClasses="0" visitedMethods="0" numMethods="1" />
              <MetadataToken>100663305</MetadataToken>
              <Name>System.String Primes.Common.Log::get_LogPath()</Name>
              <FileRef uid="5" />
              <SequencePoints>
                <SequencePoint vc="0" uspid="46" ordinal="0" offset="0" sl="15" sc="40" el="15" ec="44" bec="0" bev="0" fileid="5" />
              </SequencePoints>
              <BranchPoints />
              <MethodPoint xsi:type="SequencePoint" vc="0" uspid="46" ordinal="0" offset="0" sl="15" sc="40" el="15" ec="44" bec="0" bev="0" fileid="5" />
            </Method>
            <Method visited="false" cyclomaticComplexity="1" nPathComplexity="0" sequenceCoverage="0" branchCoverage="0" crapScore="2" isConstructor="false" isStatic="true" isGetter="false" isSetter="true">
              <Summary numSequencePoints="1" visitedSequencePoints="0" numBranchPoints="1" visitedBranchPoints="0" sequenceCoverage="0" branchCoverage="0" maxCyclomaticComplexity="1" minCyclomaticComplexity="1" maxCrapScore="2" minCrapScore="2" visitedClasses="0" numClasses="0" visitedMethods="0" numMethods="1" />
              <MetadataToken>100663306</MetadataToken>
              <Name>System.Void Primes.Common.Log::set_LogPath(System.String)</Name>
              <FileRef uid="5" />
              <SequencePoints>
                <SequencePoint vc="0" uspid="47" ordinal="0" offset="0" sl="15" sc="45" el="15" ec="57" bec="0" bev="0" fileid="5" />
              </SequencePoints>
              <BranchPoints />
              <MethodPoint xsi:type="SequencePoint" vc="0" uspid="47" ordinal="0" offset="0" sl="15" sc="45" el="15" ec="57" bec="0" bev="0" fileid="5" />
            </Method>
            <Method visited="false" cyclomaticComplexity="1" nPathComplexity="0" sequenceCoverage="0" branchCoverage="0" crapScore="2" isConstructor="false" isStatic="true" isGetter="false" isSetter="false">
              <Summary numSequencePoints="12" visitedSequencePoints="0" numBranchPoints="1" visitedBranchPoints="0" sequenceCoverage="0" branchCoverage="0" maxCyclomaticComplexity="1" minCyclomaticComplexity="1" maxCrapScore="2" minCrapScore="2" visitedClasses="0" numClasses="0" visitedMethods="0" numMethods="1" />
              <MetadataToken>100663307</MetadataToken>
              <Name>System.Void Primes.Common.Log::InitLog(System.String)</Name>
              <FileRef uid="5" />
              <SequencePoints>
                <SequencePoint vc="0" uspid="48" ordinal="0" offset="0" sl="58" sc="9" el="58" ec="10" bec="0" bev="0" fileid="5" />
                <SequencePoint vc="0" uspid="49" ordinal="1" offset="1" sl="59" sc="13" el="59" ec="28" bec="0" bev="0" fileid="5" />
                <SequencePoint vc="0" uspid="50" ordinal="2" offset="8" sl="61" sc="13" el="61" ec="41" bec="0" bev="0" fileid="5" />
                <SequencePoint vc="0" uspid="51" ordinal="3" offset="14" sl="62" sc="13" el="69" ec="3" bec="0" bev="0" fileid="5" />
                <SequencePoint vc="0" uspid="52" ordinal="4" offset="61" sl="71" sc="13" el="71" ec="14" bec="0" bev="0" fileid="5" />
                <SequencePoint vc="0" uspid="53" ordinal="5" offset="62" sl="72" sc="17" el="72" ec="75" bec="0" bev="0" fileid="5" />
                <SequencePoint vc="0" uspid="54" ordinal="6" offset="84" sl="73" sc="13" el="73" ec="14" bec="0" bev="0" fileid="5" />
                <SequencePoint vc="0" uspid="55" ordinal="7" offset="87" sl="74" sc="13" el="74" ec="18" bec="0" bev="0" fileid="5" />
                <SequencePoint vc="0" uspid="56" ordinal="8" offset="88" sl="75" sc="13" el="75" ec="14" bec="0" bev="0" fileid="5" />
                <SequencePoint vc="0" uspid="57" ordinal="9" offset="89" sl="76" sc="17" el="76" ec="63" bec="0" bev="0" fileid="5" />
                <SequencePoint vc="0" uspid="58" ordinal="10" offset="100" sl="77" sc="13" el="77" ec="14" bec="0" bev="0" fileid="5" />
                <SequencePoint vc="0" uspid="59" ordinal="11" offset="103" sl="78" sc="9" el="78" ec="10" bec="0" bev="0" fileid="5" />
              </SequencePoints>
              <BranchPoints />
              <MethodPoint xsi:type="SequencePoint" vc="0" uspid="48" ordinal="0" offset="0" sl="58" sc="9" el="58" ec="10" bec="0" bev="0" fileid="5" />
            </Method>
            <Method visited="false" cyclomaticComplexity="1" nPathComplexity="0" sequenceCoverage="0" branchCoverage="0" crapScore="2" isConstructor="false" isStatic="true" isGetter="false" isSetter="false">
              <Summary numSequencePoints="4" visitedSequencePoints="0" numBranchPoints="1" visitedBranchPoints="0" sequenceCoverage="0" branchCoverage="0" maxCyclomaticComplexity="1" minCyclomaticComplexity="1" maxCrapScore="2" minCrapScore="2" visitedClasses="0" numClasses="0" visitedMethods="0" numMethods="1" />
              <MetadataToken>100663308</MetadataToken>
              <Name>System.Void Primes.Common.Log::InitConsole()</Name>
              <FileRef uid="5" />
              <SequencePoints>
                <SequencePoint vc="0" uspid="60" ordinal="0" offset="0" sl="83" sc="9" el="83" ec="10" bec="0" bev="0" fileid="5" />
                <SequencePoint vc="0" uspid="61" ordinal="1" offset="1" sl="84" sc="13" el="84" ec="58" bec="0" bev="0" fileid="5" />
                <SequencePoint vc="0" uspid="62" ordinal="2" offset="8" sl="85" sc="13" el="85" ec="58" bec="0" bev="0" fileid="5" />
                <SequencePoint vc="0" uspid="63" ordinal="3" offset="16" sl="86" sc="9" el="86" ec="10" bec="0" bev="0" fileid="5" />
              </SequencePoints>
              <BranchPoints />
              <MethodPoint xsi:type="SequencePoint" vc="0" uspid="60" ordinal="0" offset="0" sl="83" sc="9" el="83" ec="10" bec="0" bev="0" fileid="5" />
            </Method>
            <Method visited="false" cyclomaticComplexity="1" nPathComplexity="0" sequenceCoverage="0" branchCoverage="0" crapScore="2" isConstructor="false" isStatic="true" isGetter="false" isSetter="false">
              <Summary numSequencePoints="1" visitedSequencePoints="0" numBranchPoints="1" visitedBranchPoints="0" sequenceCoverage="0" branchCoverage="0" maxCyclomaticComplexity="1" minCyclomaticComplexity="1" maxCrapScore="2" minCrapScore="2" visitedClasses="0" numClasses="0" visitedMethods="0" numMethods="1" />
              <MetadataToken>100663309</MetadataToken>
              <Name>System.Void Primes.Common.Log::LogEvent(System.String,System.String)</Name>
              <FileRef uid="5" />
              <SequencePoints>
                <SequencePoint vc="0" uspid="64" ordinal="0" offset="0" sl="95" sc="67" el="95" ec="116" bec="0" bev="0" fileid="5" />
              </SequencePoints>
              <BranchPoints />
              <MethodPoint xsi:type="SequencePoint" vc="0" uspid="64" ordinal="0" offset="0" sl="95" sc="67" el="95" ec="116" bec="0" bev="0" fileid="5" />
            </Method>
            <Method visited="false" cyclomaticComplexity="1" nPathComplexity="0" sequenceCoverage="0" branchCoverage="0" crapScore="2" isConstructor="false" isStatic="true" isGetter="false" isSetter="false">
              <Summary numSequencePoints="1" visitedSequencePoints="0" numBranchPoints="1" visitedBranchPoints="0" sequenceCoverage="0" branchCoverage="0" maxCyclomaticComplexity="1" minCyclomaticComplexity="1" maxCrapScore="2" minCrapScore="2" visitedClasses="0" numClasses="0" visitedMethods="0" numMethods="1" />
              <MetadataToken>100663310</MetadataToken>
              <Name>System.Void Primes.Common.Log::LogEvent(Primes.Common.Log/EventType,System.String,System.String)</Name>
              <FileRef uid="5" />
              <SequencePoints>
                <SequencePoint vc="0" uspid="65" ordinal="0" offset="0" sl="102" sc="88" el="102" ec="132" bec="0" bev="0" fileid="5" />
              </SequencePoints>
              <BranchPoints />
              <MethodPoint xsi:type="SequencePoint" vc="0" uspid="65" ordinal="0" offset="0" sl="102" sc="88" el="102" ec="132" bec="0" bev="0" fileid="5" />
            </Method>
            <Method visited="false" cyclomaticComplexity="1" nPathComplexity="0" sequenceCoverage="0" branchCoverage="0" crapScore="2" isConstructor="false" isStatic="true" isGetter="false" isSetter="false">
              <Summary numSequencePoints="1" visitedSequencePoints="0" numBranchPoints="1" visitedBranchPoints="0" sequenceCoverage="0" branchCoverage="0" maxCyclomaticComplexity="1" minCyclomaticComplexity="1" maxCrapScore="2" minCrapScore="2" visitedClasses="0" numClasses="0" visitedMethods="0" numMethods="1" />
              <MetadataToken>100663311</MetadataToken>
              <Name>System.Void Primes.Common.Log::LogEvent(Primes.Common.Log/EventType,System.String,System.String,System.Boolean)</Name>
              <FileRef uid="5" />
              <SequencePoints>
                <SequencePoint vc="0" uspid="66" ordinal="0" offset="0" sl="110" sc="108" el="110" ec="161" bec="0" bev="0" fileid="5" />
              </SequencePoints>
              <BranchPoints />
              <MethodPoint xsi:type="SequencePoint" vc="0" uspid="66" ordinal="0" offset="0" sl="110" sc="108" el="110" ec="161" bec="0" bev="0" fileid="5" />
            </Method>
            <Method visited="false" cyclomaticComplexity="10" nPathComplexity="56" sequenceCoverage="0" branchCoverage="0" crapScore="110" isConstructor="false" isStatic="true" isGetter="false" isSetter="false">
              <Summary numSequencePoints="30" visitedSequencePoints="0" numBranchPoints="14" visitedBranchPoints="0" sequenceCoverage="0" branchCoverage="0" maxCyclomaticComplexity="10" minCyclomaticComplexity="10" maxCrapScore="110" minCrapScore="110" visitedClasses="0" numClasses="0" visitedMethods="0" numMethods="1" />
              <MetadataToken>100663312</MetadataToken>
              <Name>System.Void Primes.Common.Log::LogEvent(Primes.Common.Log/EventType,System.String,System.String,System.Boolean,System.Boolean)</Name>
              <FileRef uid="5" />
              <SequencePoints>
                <SequencePoint vc="0" uspid="67" ordinal="0" offset="0" sl="120" sc="9" el="120" ec="10" bec="0" bev="0" fileid="5" />
                <SequencePoint vc="0" uspid="68" ordinal="1" offset="1" sl="121" sc="13" el="121" ec="41" bec="0" bev="0" fileid="5" />
                <SequencePoint vc="0" uspid="69" ordinal="2" offset="7" sl="123" sc="13" el="123" ec="107" bec="0" bev="0" fileid="5" />
                <SequencePoint vc="0" uspid="70" ordinal="3" offset="86" sl="125" sc="13" el="125" ec="31" bec="2" bev="0" fileid="5" />
                <SequencePoint vc="0" uspid="71" ordinal="4" offset="94" sl="126" sc="13" el="126" ec="14" bec="0" bev="0" fileid="5" />
                <SequencePoint vc="0" uspid="72" ordinal="5" offset="95" sl="127" sc="17" el="127" ec="35" bec="7" bev="0" fileid="5" />
                <SequencePoint vc="0" uspid="73" ordinal="6" offset="133" sl="130" sc="25" el="130" ec="70" bec="0" bev="0" fileid="5" />
                <SequencePoint vc="0" uspid="74" ordinal="7" offset="140" sl="131" sc="25" el="131" ec="70" bec="0" bev="0" fileid="5" />
                <SequencePoint vc="0" uspid="75" ordinal="8" offset="148" sl="132" sc="25" el="132" ec="31" bec="0" bev="0" fileid="5" />
                <SequencePoint vc="0" uspid="76" ordinal="9" offset="150" sl="135" sc="25" el="135" ec="70" bec="0" bev="0" fileid="5" />
                <SequencePoint vc="0" uspid="77" ordinal="10" offset="157" sl="136" sc="25" el="136" ec="70" bec="0" bev="0" fileid="5" />
                <SequencePoint vc="0" uspid="78" ordinal="11" offset="165" sl="137" sc="25" el="137" ec="31" bec="0" bev="0" fileid="5" />
                <SequencePoint vc="0" uspid="79" ordinal="12" offset="167" sl="140" sc="25" el="140" ec="70" bec="0" bev="0" fileid="5" />
                <SequencePoint vc="0" uspid="80" ordinal="13" offset="174" sl="141" sc="25" el="141" ec="71" bec="0" bev="0" fileid="5" />
[...]
                <SequencePoint vc="0" uspid="1815" ordinal="5" offset="39" sl="337" sc="13" el="337" ec="124" bec="0" bev="0" fileid="37" />
                <SequencePoint vc="0" uspid="1816" ordinal="6" offset="57" sl="338" sc="9" el="338" ec="10" bec="0" bev="0" fileid="37" />
              </SequencePoints>
              <BranchPoints />
              <MethodPoint xsi:type="SequencePoint" vc="0" uspid="1810" ordinal="0" offset="0" sl="330" sc="9" el="330" ec="10" bec="0" bev="0" fileid="37" />
            </Method>
            <Method visited="false" cyclomaticComplexity="3" nPathComplexity="4" sequenceCoverage="0" branchCoverage="0" crapScore="12" isConstructor="false" isStatic="true" isGetter="false" isSetter="false">
              <Summary numSequencePoints="12" visitedSequencePoints="0" numBranchPoints="5" visitedBranchPoints="0" sequenceCoverage="0" branchCoverage="0" maxCyclomaticComplexity="3" minCyclomaticComplexity="3" maxCrapScore="12" minCrapScore="12" visitedClasses="0" numClasses="0" visitedMethods="0" numMethods="1" />
              <MetadataToken>100663457</MetadataToken>
              <Name>Primes.Common.Files.KnownPrimesResourceFile Primes.Common.Files.KnownPrimesResourceFileSerializer::Deserializev1_2_0(System.Byte[])</Name>
              <FileRef uid="37" />
              <SequencePoints>
                <SequencePoint vc="0" uspid="1817" ordinal="0" offset="0" sl="345" sc="9" el="345" ec="10" bec="0" bev="0" fileid="37" />
                <SequencePoint vc="0" uspid="1818" ordinal="1" offset="1" sl="346" sc="13" el="346" ec="92" bec="0" bev="0" fileid="37" />
                <SequencePoint vc="0" uspid="1819" ordinal="2" offset="11" sl="348" sc="13" el="348" ec="60" bec="0" bev="0" fileid="37" />
                <SequencePoint vc="0" uspid="1820" ordinal="3" offset="22" sl="349" sc="13" el="349" ec="167" bec="0" bev="0" fileid="37" />
                <SequencePoint vc="0" uspid="1821" ordinal="4" offset="49" sl="351" sc="13" el="351" ec="68" bec="0" bev="0" fileid="37" />
                <SequencePoint vc="0" uspid="1822" ordinal="5" offset="62" sl="353" sc="13" el="353" ec="26" bec="2" bev="0" fileid="37" />
                <SequencePoint vc="0" uspid="1823" ordinal="6" offset="73" sl="354" sc="17" el="354" ec="70" bec="0" bev="0" fileid="37" />
                <SequencePoint vc="0" uspid="1824" ordinal="7" offset="88" sl="355" sc="18" el="355" ec="32" bec="2" bev="0" fileid="37" />
                <SequencePoint vc="0" uspid="1825" ordinal="8" offset="101" sl="356" sc="17" el="356" ec="71" bec="0" bev="0" fileid="37" />
                <SequencePoint vc="0" uspid="1826" ordinal="9" offset="116" sl="358" sc="17" el="358" ec="56" bec="0" bev="0" fileid="37" />
                <SequencePoint vc="0" uspid="1827" ordinal="10" offset="129" sl="360" sc="13" el="360" ec="25" bec="0" bev="0" fileid="37" />
                <SequencePoint vc="0" uspid="1828" ordinal="11" offset="134" sl="361" sc="9" el="361" ec="10" bec="0" bev="0" fileid="37" />
              </SequencePoints>
              <BranchPoints>
                <BranchPoint vc="0" uspid="1829" ordinal="0" offset="71" sl="353" path="0" offsetend="73" fileid="37" />
                <BranchPoint vc="0" uspid="1830" ordinal="1" offset="71" sl="353" path="1" offsetend="88" fileid="37" />
                <BranchPoint vc="0" uspid="1831" ordinal="2" offset="99" sl="355" path="0" offsetend="101" fileid="37" />
                <BranchPoint vc="0" uspid="1832" ordinal="3" offset="99" sl="355" path="1" offsetend="116" fileid="37" />
              </BranchPoints>
              <MethodPoint xsi:type="SequencePoint" vc="0" uspid="1817" ordinal="0" offset="0" sl="345" sc="9" el="345" ec="10" bec="0" bev="0" fileid="37" />
            </Method>
            <Method visited="false" cyclomaticComplexity="3" nPathComplexity="4" sequenceCoverage="0" branchCoverage="0" crapScore="12" isConstructor="false" isStatic="true" isGetter="false" isSetter="false">
              <Summary numSequencePoints="21" visitedSequencePoints="0" numBranchPoints="5" visitedBranchPoints="0" sequenceCoverage="0" branchCoverage="0" maxCyclomaticComplexity="3" minCyclomaticComplexity="3" maxCrapScore="12" minCrapScore="12" visitedClasses="0" numClasses="0" visitedMethods="0" numMethods="1" />
              <MetadataToken>100663458</MetadataToken>
              <Name>Primes.Common.Files.KnownPrimesResourceFile Primes.Common.Files.KnownPrimesResourceFileSerializer::Deserializev1_2_0(System.IO.Stream)</Name>
              <FileRef uid="37" />
              <SequencePoints>
                <SequencePoint vc="0" uspid="1833" ordinal="0" offset="0" sl="369" sc="9" el="369" ec="10" bec="0" bev="0" fileid="37" />
                <SequencePoint vc="0" uspid="1834" ordinal="1" offset="1" sl="370" sc="13" el="370" ec="41" bec="0" bev="0" fileid="37" />
                <SequencePoint vc="0" uspid="1835" ordinal="2" offset="8" sl="372" sc="13" el="372" ec="46" bec="0" bev="0" fileid="37" />
                <SequencePoint vc="0" uspid="1836" ordinal="3" offset="18" sl="373" sc="13" el="373" ec="39" bec="0" bev="0" fileid="37" />
                <SequencePoint vc="0" uspid="1837" ordinal="4" offset="28" sl="375" sc="13" el="375" ec="93" bec="0" bev="0" fileid="37" />
                <SequencePoint vc="0" uspid="1838" ordinal="5" offset="38" sl="376" sc="13" el="376" ec="168" bec="0" bev="0" fileid="37" />
                <SequencePoint vc="0" uspid="1839" ordinal="6" offset="65" sl="378" sc="13" el="378" ec="26" bec="2" bev="0" fileid="37" />
                <SequencePoint vc="0" uspid="1840" ordinal="7" offset="76" sl="379" sc="17" el="379" ec="71" bec="0" bev="0" fileid="37" />
                <SequencePoint vc="0" uspid="1841" ordinal="8" offset="91" sl="380" sc="18" el="380" ec="32" bec="2" bev="0" fileid="37" />
                <SequencePoint vc="0" uspid="1842" ordinal="9" offset="104" sl="381" sc="13" el="381" ec="14" bec="0" bev="0" fileid="37" />
                <SequencePoint vc="0" uspid="1843" ordinal="10" offset="105" sl="382" sc="17" el="382" ec="65" bec="0" bev="0" fileid="37" />
                <SequencePoint vc="0" uspid="1844" ordinal="11" offset="122" sl="383" sc="17" el="383" ec="63" bec="0" bev="0" fileid="37" />
                <SequencePoint vc="0" uspid="1845" ordinal="12" offset="136" sl="385" sc="17" el="385" ec="71" bec="0" bev="0" fileid="37" />
                <SequencePoint vc="0" uspid="1846" ordinal="13" offset="150" sl="386" sc="13" el="386" ec="14" bec="0" bev="0" fileid="37" />
                <SequencePoint vc="0" uspid="1847" ordinal="14" offset="153" sl="388" sc="13" el="388" ec="14" bec="0" bev="0" fileid="37" />
                <SequencePoint vc="0" uspid="1848" ordinal="15" offset="154" sl="389" sc="17" el="389" ec="65" bec="0" bev="0" fileid="37" />
                <SequencePoint vc="0" uspid="1849" ordinal="16" offset="171" sl="390" sc="17" el="390" ec="63" bec="0" bev="0" fileid="37" />
                <SequencePoint vc="0" uspid="1850" ordinal="17" offset="185" sl="392" sc="17" el="392" ec="56" bec="0" bev="0" fileid="37" />
                <SequencePoint vc="0" uspid="1851" ordinal="18" offset="199" sl="393" sc="13" el="393" ec="14" bec="0" bev="0" fileid="37" />
                <SequencePoint vc="0" uspid="1852" ordinal="19" offset="200" sl="395" sc="13" el="395" ec="25" bec="0" bev="0" fileid="37" />
                <SequencePoint vc="0" uspid="1853" ordinal="20" offset="205" sl="396" sc="9" el="396" ec="10" bec="0" bev="0" fileid="37" />
              </SequencePoints>
              <BranchPoints>
                <BranchPoint vc="0" uspid="1854" ordinal="0" offset="74" sl="378" path="0" offsetend="76" fileid="37" />
                <BranchPoint vc="0" uspid="1855" ordinal="1" offset="74" sl="378" path="1" offsetend="91" fileid="37" />
                <BranchPoint vc="0" uspid="1856" ordinal="2" offset="102" sl="380" path="0" offsetend="104" fileid="37" />
                <BranchPoint vc="0" uspid="1857" ordinal="3" offset="102" sl="380" path="1" offsetend="153" fileid="37" />
              </BranchPoints>
              <MethodPoint xsi:type="SequencePoint" vc="0" uspid="1833" ordinal="0" offset="0" sl="369" sc="9" el="369" ec="10" bec="0" bev="0" fileid="37" />
            </Method>
            <Method visited="false" cyclomaticComplexity="1" nPathComplexity="0" sequenceCoverage="0" branchCoverage="0" crapScore="2" isConstructor="false" isStatic="true" isGetter="false" isSetter="false">
              <Summary numSequencePoints="9" visitedSequencePoints="0" numBranchPoints="1" visitedBranchPoints="0" sequenceCoverage="0" branchCoverage="0" maxCyclomaticComplexity="1" minCyclomaticComplexity="1" maxCrapScore="2" minCrapScore="2" visitedClasses="0" numClasses="0" visitedMethods="0" numMethods="1" />
              <MetadataToken>100663459</MetadataToken>
              <Name>System.Byte[] Primes.Common.Files.KnownPrimesResourceFileSerializer::Serializev1_0_0(Primes.Common.Files.KnownPrimesResourceFile)</Name>
              <FileRef uid="37" />
              <SequencePoints>
                <SequencePoint vc="0" uspid="1858" ordinal="0" offset="0" sl="406" sc="9" el="406" ec="10" bec="0" bev="0" fileid="37" />
                <SequencePoint vc="0" uspid="1859" ordinal="1" offset="1" sl="407" sc="13" el="407" ec="65" bec="0" bev="0" fileid="37" />
                <SequencePoint vc="0" uspid="1860" ordinal="2" offset="19" sl="409" sc="13" el="409" ec="47" bec="0" bev="0" fileid="37" />
                <SequencePoint vc="0" uspid="1861" ordinal="3" offset="33" sl="409" sc="48" el="409" ec="82" bec="0" bev="0" fileid="37" />
                <SequencePoint vc="0" uspid="1862" ordinal="4" offset="47" sl="409" sc="83" el="409" ec="117" bec="0" bev="0" fileid="37" />
                <SequencePoint vc="0" uspid="1863" ordinal="5" offset="61" sl="411" sc="13" el="411" ec="83" bec="0" bev="0" fileid="37" />
                <SequencePoint vc="0" uspid="1864" ordinal="6" offset="84" sl="413" sc="13" el="413" ec="80" bec="0" bev="0" fileid="37" />
                <SequencePoint vc="0" uspid="1865" ordinal="7" offset="109" sl="415" sc="13" el="415" ec="26" bec="0" bev="0" fileid="37" />
                <SequencePoint vc="0" uspid="1866" ordinal="8" offset="113" sl="416" sc="9" el="416" ec="10" bec="0" bev="0" fileid="37" />
              </SequencePoints>
              <BranchPoints />
              <MethodPoint xsi:type="SequencePoint" vc="0" uspid="1858" ordinal="0" offset="0" sl="406" sc="9" el="406" ec="10" bec="0" bev="0" fileid="37" />
            </Method>
            <Method visited="false" cyclomaticComplexity="1" nPathComplexity="0" sequenceCoverage="0" branchCoverage="0" crapScore="2" isConstructor="false" isStatic="true" isGetter="false" isSetter="false">
              <Summary numSequencePoints="10" visitedSequencePoints="0" numBranchPoints="1" visitedBranchPoints="0" sequenceCoverage="0" branchCoverage="0" maxCyclomaticComplexity="1" minCyclomaticComplexity="1" maxCrapScore="2" minCrapScore="2" visitedClasses="0" numClasses="0" visitedMethods="0" numMethods="1" />
              <MetadataToken>100663460</MetadataToken>
              <Name>System.Byte[] Primes.Common.Files.KnownPrimesResourceFileSerializer::Serializev1_1_0(Primes.Common.Files.KnownPrimesResourceFile)</Name>
              <FileRef uid="37" />
              <SequencePoints>
                <SequencePoint vc="0" uspid="1867" ordinal="0" offset="0" sl="423" sc="9" el="423" ec="10" bec="0" bev="0" fileid="37" />
                <SequencePoint vc="0" uspid="1868" ordinal="1" offset="1" sl="424" sc="13" el="424" ec="66" bec="0" bev="0" fileid="37" />
                <SequencePoint vc="0" uspid="1869" ordinal="2" offset="20" sl="426" sc="13" el="426" ec="47" bec="0" bev="0" fileid="37" />
                <SequencePoint vc="0" uspid="1870" ordinal="3" offset="34" sl="426" sc="48" el="426" ec="82" bec="0" bev="0" fileid="37" />
                <SequencePoint vc="0" uspid="1871" ordinal="4" offset="48" sl="426" sc="83" el="426" ec="117" bec="0" bev="0" fileid="37" />
                <SequencePoint vc="0" uspid="1872" ordinal="5" offset="62" sl="428" sc="13" el="428" ec="90" bec="0" bev="0" fileid="37" />
                <SequencePoint vc="0" uspid="1873" ordinal="6" offset="83" sl="429" sc="13" el="429" ec="84" bec="0" bev="0" fileid="37" />
                <SequencePoint vc="0" uspid="1874" ordinal="7" offset="107" sl="431" sc="13" el="431" ec="81" bec="0" bev="0" fileid="37" />
                <SequencePoint vc="0" uspid="1875" ordinal="8" offset="133" sl="433" sc="13" el="433" ec="26" bec="0" bev="0" fileid="37" />
                <SequencePoint vc="0" uspid="1876" ordinal="9" offset="137" sl="434" sc="9" el="434" ec="10" bec="0" bev="0" fileid="37" />
              </SequencePoints>
              <BranchPoints />
              <MethodPoint xsi:type="SequencePoint" vc="0" uspid="1867" ordinal="0" offset="0" sl="423" sc="9" el="423" ec="10" bec="0" bev="0" fileid="37" />
            </Method>
            <Method visited="false" cyclomaticComplexity="1" nPathComplexity="0" sequenceCoverage="0" branchCoverage="0" crapScore="2" isConstructor="false" isStatic="true" isGetter="false" isSetter="false">
              <Summary numSequencePoints="2" visitedSequencePoints="0" numBranchPoints="1" visitedBranchPoints="0" sequenceCoverage="0" branchCoverage="0" maxCyclomaticComplexity="1" minCyclomaticComplexity="1" maxCrapScore="2" minCrapScore="2" visitedClasses="0" numClasses="0" visitedMethods="0" numMethods="1" />
              <MetadataToken>100663461</MetadataToken>
              <Name>System.Byte[] Primes.Common.Files.KnownPrimesResourceFileSerializer::Serializev1_2_0(Primes.Common.Files.KnownPrimesResourceFile)</Name>
              <FileRef uid="37" />
              <SequencePoints>
                <SequencePoint vc="0" uspid="1877" ordinal="0" offset="0" sl="441" sc="9" el="441" ec="10" bec="0" bev="0" fileid="37" />
                <SequencePoint vc="0" uspid="1878" ordinal="1" offset="1" sl="442" sc="13" el="442" ec="82" bec="0" bev="0" fileid="37" />
              </SequencePoints>
              <BranchPoints />
              <MethodPoint xsi:type="SequencePoint" vc="0" uspid="1877" ordinal="0" offset="0" sl="441" sc="9" el="441" ec="10" bec="0" bev="0" fileid="37" />
            </Method>
            <Method visited="false" cyclomaticComplexity="2" nPathComplexity="2" sequenceCoverage="0" branchCoverage="0" crapScore="6" isConstructor="false" isStatic="true" isGetter="false" isSetter="false">
              <Summary numSequencePoints="7" visitedSequencePoints="0" numBranchPoints="3" visitedBranchPoints="0" sequenceCoverage="0" branchCoverage="0" maxCyclomaticComplexity="2" minCyclomaticComplexity="2" maxCrapScore="6" minCrapScore="6" visitedClasses="0" numClasses="0" visitedMethods="0" numMethods="1" />
              <MetadataToken>100663462</MetadataToken>
              <Name>System.UInt64[] Primes.Common.Files.KnownPrimesResourceFileSerializer::GetRawPrimes(System.Byte[])</Name>
              <FileRef uid="37" />
              <SequencePoints>
                <SequencePoint vc="0" uspid="1879" ordinal="0" offset="0" sl="460" sc="9" el="460" ec="10" bec="0" bev="0" fileid="37" />
                <SequencePoint vc="0" uspid="1880" ordinal="1" offset="1" sl="461" sc="13" el="461" ec="39" bec="2" bev="0" fileid="37" />
                <SequencePoint vc="0" uspid="1881" ordinal="2" offset="13" sl="462" sc="17" el="462" ec="102" bec="0" bev="0" fileid="37" />
                <SequencePoint vc="0" uspid="1882" ordinal="3" offset="24" sl="464" sc="13" el="464" ec="58" bec="0" bev="0" fileid="37" />
                <SequencePoint vc="0" uspid="1883" ordinal="4" offset="35" sl="466" sc="13" el="466" ec="66" bec="0" bev="0" fileid="37" />
                <SequencePoint vc="0" uspid="1884" ordinal="5" offset="48" sl="468" sc="13" el="468" ec="27" bec="0" bev="0" fileid="37" />
                <SequencePoint vc="0" uspid="1885" ordinal="6" offset="52" sl="469" sc="9" el="469" ec="10" bec="0" bev="0" fileid="37" />
              </SequencePoints>
              <BranchPoints>
                <BranchPoint vc="0" uspid="1886" ordinal="0" offset="11" sl="461" path="0" offsetend="13" fileid="37" />
                <BranchPoint vc="0" uspid="1887" ordinal="1" offset="11" sl="461" path="1" offsetend="24" fileid="37" />
              </BranchPoints>
              <MethodPoint xsi:type="SequencePoint" vc="0" uspid="1879" ordinal="0" offset="0" sl="460" sc="9" el="460" ec="10" bec="0" bev="0" fileid="37" />
            </Method>
          </Methods>
        </Class>
      </Classes>
    </Module>
    <Module skippedDueTo="MissingPdb" hash="DE-56-56-39-4A-E3-0C-7B-75-0D-9D-A8-86-1A-0F-93-AE-80-BA-25">
      <ModulePath>C:\Program Files (x86)\Microsoft Visual Studio\2019\Community\Common7\IDE\Extensions\TestPlatform\Microsoft.VisualStudio.TestPlatform.ObjectModel.dll</ModulePath>
      <ModuleTime>2021-09-05T17:06:32.7766101Z</ModuleTime>
      <ModuleName>Microsoft.VisualStudio.TestPlatform.ObjectModel</ModuleName>
      <Classes />
    </Module>
    <Module skippedDueTo="MissingPdb" hash="11-62-48-B6-F9-1D-33-D1-02-A3-36-4C-58-9E-D0-A9-21-48-56-CA">
      <ModulePath>C:\Program Files (x86)\Microsoft Visual Studio\2019\Community\Common7\IDE\Extensions\TestPlatform\Microsoft.TestPlatform.CoreUtilities.dll</ModulePath>
      <ModuleTime>2021-09-05T17:06:32.6470288Z</ModuleTime>
      <ModuleName>Microsoft.TestPlatform.CoreUtilities</ModuleName>
      <Classes />
    </Module>
    <Module skippedDueTo="MissingPdb" hash="59-71-33-0D-DC-3F-35-16-54-B8-F1-9A-59-20-01-E9-E6-CF-6E-AD">
      <ModulePath>C:\Program Files (x86)\Microsoft Visual Studio\2019\Community\Common7\IDE\Extensions\TestPlatform\Microsoft.VisualStudio.QualityTools.ExecutionCommon.dll</ModulePath>
      <ModuleTime>2021-09-05T17:06:32.7071929Z</ModuleTime>
      <ModuleName>Microsoft.VisualStudio.QualityTools.ExecutionCommon</ModuleName>
      <Classes />
    </Module>
    <Module skippedDueTo="MissingPdb" hash="E1-EF-3D-F3-12-E1-D8-FE-9B-AF-A7-0B-8E-F9-DB-F1-4B-68-93-84">
      <ModulePath>C:\Program Files (x86)\Microsoft Visual Studio\2019\Community\Common7\IDE\Extensions\TestPlatform\Microsoft.VisualStudio.QualityTools.Resource.dll</ModulePath>
      <ModuleTime>2021-09-05T17:06:32.7369133Z</ModuleTime>
      <ModuleName>Microsoft.VisualStudio.QualityTools.Resource</ModuleName>
      <Classes />
    </Module>
    <Module skippedDueTo="MissingPdb" hash="97-47-9B-60-6E-72-D4-F3-FC-D6-B6-20-06-21-92-6B-5E-6B-4B-9D">
      <ModulePath>C:\Program Files (x86)\Microsoft Visual Studio\2019\Community\Common7\IDE\Extensions\TestPlatform\Microsoft.VisualStudio.QualityTools.WebTestFramework.dll</ModulePath>
      <ModuleTime>2021-09-05T17:06:32.7693549Z</ModuleTime>
      <ModuleName>Microsoft.VisualStudio.QualityTools.WebTestFramework</ModuleName>
      <Classes />
    </Module>
    <Module skippedDueTo="MissingPdb" hash="DE-56-56-39-4A-E3-0C-7B-75-0D-9D-A8-86-1A-0F-93-AE-80-BA-25">
      <ModulePath>C:\Program Files (x86)\Microsoft Visual Studio\2019\Community\Common7\IDE\Extensions\TestPlatform\Microsoft.VisualStudio.TestPlatform.ObjectModel.dll</ModulePath>
      <ModuleTime>2021-09-05T17:06:32.7766101Z</ModuleTime>
      <ModuleName>Microsoft.VisualStudio.TestPlatform.ObjectModel</ModuleName>
      <Classes />
    </Module>
    <Module skippedDueTo="MissingPdb" hash="DE-56-56-39-4A-E3-0C-7B-75-0D-9D-A8-86-1A-0F-93-AE-80-BA-25">
      <ModulePath>C:\Program Files (x86)\Microsoft Visual Studio\2019\Community\Common7\IDE\Extensions\TestPlatform\Microsoft.VisualStudio.TestPlatform.ObjectModel.dll</ModulePath>
      <ModuleTime>2021-09-05T17:06:32.7766101Z</ModuleTime>
      <ModuleName>Microsoft.VisualStudio.TestPlatform.ObjectModel</ModuleName>
      <Classes />
    </Module>
  </Modules>
</CoverageSession>